2023-08-18 01:26:48.981 [info] Log level: Info
2023-08-18 01:26:48.981 [info] Validating found git in: "git"
2023-08-18 01:26:49.033 [info] Using git "2.41.0" from "git"
2023-08-18 01:26:49.064 [info] > git rev-parse --show-toplevel [12ms]
2023-08-18 01:26:49.087 [info] > git rev-parse --git-dir --git-common-dir [5ms]
2023-08-18 01:26:49.111 [info] Open repository: /home/granted07
2023-08-18 01:26:49.145 [info] > git config --get commit.template [22ms]
2023-08-18 01:26:49.166 [info] > git rev-parse --show-toplevel [23ms]
2023-08-18 01:26:49.227 [info] > git rev-parse --show-toplevel [9ms]
2023-08-18 01:26:49.228 [info] > git for-each-ref --format=%(refname)%00%(upstream:short)%00%(objectname)%00%(upstream:track)%00%(upstream:remotename)%00%(upstream:remoteref) refs/heads/master refs/remotes/master [39ms]
2023-08-18 01:26:49.260 [info] > git rev-parse --show-toplevel [1ms]
2023-08-18 01:26:49.273 [info] > git rev-parse --show-toplevel [3ms]
2023-08-18 01:26:49.286 [info] > git rev-parse --show-toplevel [3ms]
2023-08-18 01:26:49.299 [info] > git rev-parse --show-toplevel [2ms]
2023-08-18 01:26:49.321 [info] > git rev-parse --show-toplevel [8ms]
2023-08-18 01:26:49.335 [info] > git rev-parse --show-toplevel [3ms]
2023-08-18 01:26:49.348 [info] > git rev-parse --show-toplevel [4ms]
2023-08-18 01:26:49.369 [info] > git rev-parse --show-toplevel [2ms]
2023-08-18 01:26:49.395 [info] > git rev-parse --show-toplevel [5ms]
2023-08-18 01:26:49.410 [info] > git rev-parse --show-toplevel [2ms]
2023-08-18 01:26:49.424 [info] > git rev-parse --git-dir --git-common-dir [3ms]
2023-08-18 01:26:49.434 [info] Open repository: /home/granted07/betterlockscreen
2023-08-18 01:26:49.461 [info] > git config --get commit.template [3ms]
2023-08-18 01:26:49.492 [info] > git rev-parse --show-toplevel [16ms]
2023-08-18 01:26:49.506 [info] > git for-each-ref --format=%(refname)%00%(upstream:short)%00%(objectname)%00%(upstream:track)%00%(upstream:remotename)%00%(upstream:remoteref) refs/heads/next refs/remotes/next [16ms]
2023-08-18 01:26:49.537 [info] > git status -z -uall [19ms]
2023-08-18 01:26:49.580 [info] > git rev-parse --git-dir --git-common-dir [43ms]
2023-08-18 01:26:49.614 [info] Open repository: /home/granted07/dots
2023-08-18 01:26:49.645 [info] > git config --get commit.template [65ms]
2023-08-18 01:26:49.680 [info] > git config --get commit.template [36ms]
2023-08-18 01:26:49.703 [info] > git rev-parse --show-toplevel [24ms]
2023-08-18 01:26:49.703 [info] > git for-each-ref --format=%(refname)%00%(upstream:short)%00%(objectname)%00%(upstream:track)%00%(upstream:remotename)%00%(upstream:remoteref) refs/heads/origin refs/remotes/origin [38ms]
2023-08-18 01:26:49.745 [info] > git for-each-ref --format=%(refname)%00%(upstream:short)%00%(objectname)%00%(upstream:track)%00%(upstream:remotename)%00%(upstream:remoteref) refs/heads/next refs/remotes/next [89ms]
2023-08-18 01:26:49.795 [info] > git status -z -uall [43ms]
2023-08-18 01:26:49.816 [info] > git check-ignore -v -z --stdin [24ms]
2023-08-18 01:26:49.868 [info] > git status -z -uall [624ms] (cancelled)
2023-08-18 01:26:49.868 [info] > git rev-parse --git-dir --git-common-dir [53ms]
2023-08-18 01:26:49.879 [info] Open repository: /home/granted07/neofetch-themes
2023-08-18 01:26:49.921 [info] > git config --get commit.template [22ms]
2023-08-18 01:26:49.939 [info] > git for-each-ref --format=%(refname)%00%(upstream:short)%00%(objectname)%00%(upstream:track)%00%(upstream:remotename)%00%(upstream:remoteref) refs/heads/main refs/remotes/main [18ms]
2023-08-18 01:26:49.964 [info] > git rev-parse --show-toplevel [27ms]
2023-08-18 01:26:49.977 [info] > git rev-parse --git-dir --git-common-dir [5ms]
2023-08-18 01:26:49.982 [info] Open repository: /home/granted07/polybar-themes
2023-08-18 01:26:50.041 [info] > git status -z -uall [78ms]
2023-08-18 01:26:50.048 [info] > git config --get commit.template [40ms]
2023-08-18 01:26:50.122 [info] > git for-each-ref --format=%(refname)%00%(upstream:short)%00%(objectname)%00%(upstream:track)%00%(upstream:remotename)%00%(upstream:remoteref) refs/heads/master refs/remotes/master [77ms]
2023-08-18 01:26:50.139 [info] > git config --get commit.template [22ms]
2023-08-18 01:26:50.139 [info] > git rev-parse --show-toplevel [47ms]
2023-08-18 01:26:50.158 [info] > git for-each-ref --format=%(refname)%00%(upstream:short)%00%(objectname)%00%(upstream:track)%00%(upstream:remotename)%00%(upstream:remoteref) refs/heads/main refs/remotes/main [2ms]
2023-08-18 01:26:50.185 [info] > git status -z -uall [20ms]
2023-08-18 01:26:50.198 [info] > git rev-parse --show-toplevel [14ms]
2023-08-18 01:26:50.224 [info] > git rev-parse --git-dir --git-common-dir [4ms]
2023-08-18 01:26:50.231 [info] Open repository: /home/granted07/yay
2023-08-18 01:26:50.298 [info] > git config --get commit.template [39ms]
2023-08-18 01:26:50.311 [info] > git for-each-ref --format=%(refname)%00%(upstream:short)%00%(objectname)%00%(upstream:track)%00%(upstream:remotename)%00%(upstream:remoteref) refs/heads/master refs/remotes/master [14ms]
2023-08-18 01:26:50.341 [info] > git status -z -uall [8ms]
2023-08-18 01:26:50.398 [info] > git config --get commit.template [15ms]
2023-08-18 01:26:50.406 [info] > git for-each-ref --format=%(refname)%00%(upstream:short)%00%(objectname)%00%(upstream:track)%00%(upstream:remotename)%00%(upstream:remoteref) refs/heads/master refs/remotes/master [9ms]
2023-08-18 01:26:50.423 [info] > git status -z -uall [9ms]
2023-08-18 01:26:50.428 [info] > git check-ignore -v -z --stdin [6ms]
2023-08-18 01:26:50.792 [info] > git status -z -uall [661ms]
2023-08-18 01:26:50.841 [info] > git status -z -uall [1097ms]
2023-08-18 01:26:50.847 [info] > git config --get commit.template [28ms]
2023-08-18 01:26:50.873 [info] > git for-each-ref --format=%(refname)%00%(upstream:short)%00%(objectname)%00%(upstream:track)%00%(upstream:remotename)%00%(upstream:remoteref) refs/heads/master refs/remotes/master [34ms]
2023-08-18 01:26:50.905 [info] > git config --get commit.template [33ms]
2023-08-18 01:26:50.940 [info] > git for-each-ref --format=%(refname)%00%(upstream:short)%00%(objectname)%00%(upstream:track)%00%(upstream:remotename)%00%(upstream:remoteref) refs/heads/origin refs/remotes/origin [8ms]
2023-08-18 01:26:51.053 [info] > git show --textconv :.config/neofetch/dotfetch.conf [38ms]
2023-08-18 01:26:51.057 [info] > git ls-files --stage -- /home/granted07/.config/neofetch/dotfetch.conf [5ms]
2023-08-18 01:26:51.259 [info] > git status -z -uall [354ms]
2023-08-18 01:26:51.780 [info] > git status -z -uall [823ms]
2023-08-18 01:26:53.605 [info] > git check-ignore -v -z --stdin [1ms]
2023-08-18 01:26:54.029 [info] > git show --textconv :.config/picom/picom.conf [8ms]
2023-08-18 01:26:54.030 [info] > git ls-files --stage -- /home/granted07/.config/picom/picom.conf [1ms]
2023-08-18 01:29:41.729 [info] > git check-ignore -v -z --stdin [3ms]
2023-08-18 01:29:43.490 [info] > git check-ignore -v -z --stdin [30ms]
2023-08-18 01:29:43.491 [info] > git check-ignore -v -z --stdin [24ms]
2023-08-18 01:29:43.492 [info] > git check-ignore -v -z --stdin [19ms]
2023-08-18 01:29:43.492 [info] > git check-ignore -v -z --stdin [14ms]
2023-08-18 01:29:43.493 [info] > git check-ignore -v -z --stdin [9ms]
2023-08-18 01:29:43.493 [info] > git check-ignore -v -z --stdin [6ms]
2023-08-18 01:29:44.989 [info] > git check-ignore -v -z --stdin [3ms]
2023-08-18 01:29:46.798 [info] > git check-ignore -v -z --stdin [5ms]
2023-08-18 01:29:48.520 [info] > git check-ignore -v -z --stdin [4ms]
2023-08-18 01:29:49.111 [info] > git show --textconv :.config/bspwm/bspwmrc [11ms]
2023-08-18 01:29:49.122 [info] > git ls-files --stage -- /home/granted07/dots/.config/bspwm/bspwmrc [13ms]
2023-08-18 01:29:49.132 [info] > git cat-file -s e7c629adcfdc1bfe307e9bf4c365d1d1c4687b4e [1ms]
2023-08-18 01:33:43.138 [info] > git ls-files --stage -- /home/granted07/dots/.config/bspwm/bspwmrc [6ms]
2023-08-18 01:33:43.154 [info] > git cat-file -s e7c629adcfdc1bfe307e9bf4c365d1d1c4687b4e [5ms]
