2023-08-18 14:35:08.165 [info] Log level: Info
2023-08-18 14:35:08.165 [info] Validating found git in: "git"
2023-08-18 14:35:08.165 [info] Using git "2.41.0" from "git"
2023-08-18 14:35:08.165 [info] > git rev-parse --show-toplevel [13ms]
2023-08-18 14:35:08.167 [info] > git rev-parse --git-dir --git-common-dir [7ms]
2023-08-18 14:35:08.186 [info] Open repository: /home/granted07/pyroinsights
2023-08-18 14:35:08.276 [info] > git config --get commit.template [81ms]
2023-08-18 14:35:08.406 [info] > git rev-parse --show-toplevel [135ms]
2023-08-18 14:35:08.438 [info] > git for-each-ref --format=%(refname)%00%(upstream:short)%00%(objectname)%00%(upstream:track)%00%(upstream:remotename)%00%(upstream:remoteref) refs/heads/master refs/remotes/master [21ms]
2023-08-18 14:35:08.469 [info] > git status -z -uall [22ms]
2023-08-18 14:35:08.545 [info] > git config --get commit.template [44ms]
2023-08-18 14:35:08.545 [info] > git rev-parse --show-toplevel [53ms]
2023-08-18 14:35:08.571 [info] > git log --format=%H%n%aN%n%aE%n%at%n%ct%n%P%n%D%n%B -z -n120 -- /home/granted07/pyroinsights/templates/index.html [33ms]
2023-08-18 14:35:08.620 [info] > git rev-parse --show-toplevel [50ms]
2023-08-18 14:35:08.621 [info] > git for-each-ref --format=%(refname)%00%(upstream:short)%00%(objectname)%00%(upstream:track)%00%(upstream:remotename)%00%(upstream:remoteref) refs/heads/master refs/remotes/master [63ms]
2023-08-18 14:35:08.643 [info] > git status -z -uall [13ms]
2023-08-18 14:35:08.644 [info] > git rev-parse --show-toplevel [1ms]
2023-08-18 14:35:09.178 [info] > git check-ignore -v -z --stdin [106ms]
2023-08-18 14:35:09.185 [info] > git rev-list --count d26b83ff501ac545126e93dd0603f814206db82e.. -- /home/granted07/pyroinsights/templates/index.html [23ms]
2023-08-18 14:35:09.268 [info] > git log --format=%H%n%aN%n%aE%n%at%n%ct%n%P%n%D%n%B -z -n10 -- /home/granted07/pyroinsights/templates/index.html [70ms]
2023-08-18 14:35:10.514 [info] > git show --textconv :templates/index.html [12ms]
2023-08-18 14:35:10.517 [info] > git ls-files --stage -- /home/granted07/pyroinsights/templates/index.html [4ms]
2023-08-18 14:35:10.532 [info] > git cat-file -s f27e87dd71fd027d35fdea61503a686891882287 [5ms]
2023-08-18 14:36:18.609 [info] > git log --format=%H%n%aN%n%aE%n%at%n%ct%n%P%n%D%n%B -z -n120 -- /home/granted07/pyroinsights/app.py [4ms]
2023-08-18 14:36:18.951 [info] > git show --textconv :app.py [23ms]
2023-08-18 14:36:18.953 [info] > git ls-files --stage -- /home/granted07/pyroinsights/app.py [3ms]
2023-08-18 14:36:19.004 [info] > git cat-file -s 2ee57d6401d02741a8c1ac32e6f6a2f3f4a71c6f [16ms]
2023-08-18 14:36:19.477 [info] > git log --format=%H%n%aN%n%aE%n%at%n%ct%n%P%n%D%n%B -z -n120 -- /home/granted07/pyroinsights/templates/index.html [12ms]
2023-08-18 14:36:19.675 [info] > git show --textconv :templates/index.html [1ms]
2023-08-18 14:36:19.701 [info] > git ls-files --stage -- /home/granted07/pyroinsights/templates/index.html [15ms]
2023-08-18 14:36:19.714 [info] > git cat-file -s f27e87dd71fd027d35fdea61503a686891882287 [4ms]
2023-08-18 14:38:15.261 [info] > git log --format=%H%n%aN%n%aE%n%at%n%ct%n%P%n%D%n%B -z -n120 -- /home/granted07/pyroinsights/static/css/style.css [12ms]
2023-08-18 14:38:15.506 [info] > git show --textconv :static/css/style.css [13ms]
2023-08-18 14:38:15.507 [info] > git ls-files --stage -- /home/granted07/pyroinsights/static/css/style.css [2ms]
2023-08-18 14:38:15.535 [info] > git cat-file -s 7980cff76dd6bee98625ade0ab2ab3365c126678 [4ms]
2023-08-18 14:38:16.359 [info] > git log --format=%H%n%aN%n%aE%n%at%n%ct%n%P%n%D%n%B -z -n120 -- /home/granted07/pyroinsights/static/js/script.js [8ms]
2023-08-18 14:38:18.734 [info] > git log --format=%H%n%aN%n%aE%n%at%n%ct%n%P%n%D%n%B -z -n120 -- /home/granted07/pyroinsights/static/css/style.css [5ms]
2023-08-18 14:38:18.957 [info] > git show --textconv :static/css/style.css [23ms]
2023-08-18 14:38:18.958 [info] > git ls-files --stage -- /home/granted07/pyroinsights/static/css/style.css [2ms]
2023-08-18 14:38:18.968 [info] > git cat-file -s 7980cff76dd6bee98625ade0ab2ab3365c126678 [3ms]
2023-08-18 14:38:19.428 [info] > git log --format=%H%n%aN%n%aE%n%at%n%ct%n%P%n%D%n%B -z -n120 -- /home/granted07/pyroinsights/static/css/donate.css [3ms]
2023-08-18 14:38:19.641 [info] > git show --textconv :static/css/donate.css [9ms]
2023-08-18 14:38:19.643 [info] > git ls-files --stage -- /home/granted07/pyroinsights/static/css/donate.css [2ms]
2023-08-18 14:38:19.650 [info] > git cat-file -s 5ab0b13428b391ab2551145980a78f8daad6b3e7 [1ms]
2023-08-18 14:38:22.763 [info] > git log --format=%H%n%aN%n%aE%n%at%n%ct%n%P%n%D%n%B -z -n120 -- /home/granted07/pyroinsights/templates/donate.html [2ms]
2023-08-18 14:38:22.986 [info] > git show --textconv :templates/donate.html [10ms]
2023-08-18 14:38:22.987 [info] > git ls-files --stage -- /home/granted07/pyroinsights/templates/donate.html [2ms]
2023-08-18 14:38:22.996 [info] > git cat-file -s b6feb6402ea60785e264c04fb2fdb6d2176780fb [1ms]
2023-08-18 14:38:26.657 [info] > git log --format=%H%n%aN%n%aE%n%at%n%ct%n%P%n%D%n%B -z -n120 -- /home/granted07/pyroinsights/static/css/donate.css [3ms]
2023-08-18 14:38:26.877 [info] > git show --textconv :static/css/donate.css [13ms]
2023-08-18 14:38:26.879 [info] > git ls-files --stage -- /home/granted07/pyroinsights/static/css/donate.css [4ms]
2023-08-18 14:38:26.893 [info] > git cat-file -s 5ab0b13428b391ab2551145980a78f8daad6b3e7 [3ms]
2023-08-18 14:41:00.054 [info] > git config --get commit.template [1ms]
2023-08-18 14:41:00.063 [info] > git for-each-ref --format=%(refname)%00%(upstream:short)%00%(objectname)%00%(upstream:track)%00%(upstream:remotename)%00%(upstream:remoteref) refs/heads/master refs/remotes/master [2ms]
2023-08-18 14:41:00.073 [info] > git status -z -uall [2ms]
2023-08-18 14:41:16.746 [info] > git config --get commit.template [2ms]
2023-08-18 14:41:16.755 [info] > git for-each-ref --format=%(refname)%00%(upstream:short)%00%(objectname)%00%(upstream:track)%00%(upstream:remotename)%00%(upstream:remoteref) refs/heads/master refs/remotes/master [2ms]
2023-08-18 14:41:16.765 [info] > git status -z -uall [1ms]
2023-08-18 14:43:12.009 [info] > git config --get commit.template [8ms]
2023-08-18 14:43:12.009 [info] > git for-each-ref --format=%(refname)%00%(upstream:short)%00%(objectname)%00%(upstream:track)%00%(upstream:remotename)%00%(upstream:remoteref) refs/heads/master refs/remotes/master [1ms]
2023-08-18 14:43:12.018 [info] > git status -z -uall [1ms]
2023-08-18 14:44:13.663 [info] > git config --get commit.template [11ms]
2023-08-18 14:44:13.663 [info] > git for-each-ref --format=%(refname)%00%(upstream:short)%00%(objectname)%00%(upstream:track)%00%(upstream:remotename)%00%(upstream:remoteref) refs/heads/master refs/remotes/master [1ms]
2023-08-18 14:44:13.672 [info] > git status -z -uall [2ms]
2023-08-18 14:44:18.683 [info] > git config --get commit.template [1ms]
2023-08-18 14:44:18.693 [info] > git for-each-ref --format=%(refname)%00%(upstream:short)%00%(objectname)%00%(upstream:track)%00%(upstream:remotename)%00%(upstream:remoteref) refs/heads/master refs/remotes/master [1ms]
2023-08-18 14:44:18.704 [info] > git status -z -uall [1ms]
2023-08-18 14:44:56.535 [info] > git config --get commit.template [12ms]
2023-08-18 14:44:56.537 [info] > git for-each-ref --format=%(refname)%00%(upstream:short)%00%(objectname)%00%(upstream:track)%00%(upstream:remotename)%00%(upstream:remoteref) refs/heads/master refs/remotes/master [3ms]
2023-08-18 14:44:56.545 [info] > git status -z -uall [1ms]
2023-08-18 14:45:03.240 [info] > git config --get commit.template [12ms]
2023-08-18 14:45:03.242 [info] > git for-each-ref --format=%(refname)%00%(upstream:short)%00%(objectname)%00%(upstream:track)%00%(upstream:remotename)%00%(upstream:remoteref) refs/heads/master refs/remotes/master [3ms]
2023-08-18 14:45:03.259 [info] > git status -z -uall [5ms]
2023-08-18 14:45:09.737 [info] > git config --get commit.template [13ms]
2023-08-18 14:45:09.738 [info] > git for-each-ref --format=%(refname)%00%(upstream:short)%00%(objectname)%00%(upstream:track)%00%(upstream:remotename)%00%(upstream:remoteref) refs/heads/master refs/remotes/master [2ms]
2023-08-18 14:45:09.750 [info] > git status -z -uall [3ms]
2023-08-18 14:45:29.839 [info] > git config --get commit.template [9ms]
2023-08-18 14:45:29.839 [info] > git for-each-ref --format=%(refname)%00%(upstream:short)%00%(objectname)%00%(upstream:track)%00%(upstream:remotename)%00%(upstream:remoteref) refs/heads/master refs/remotes/master [1ms]
2023-08-18 14:45:29.848 [info] > git status -z -uall [2ms]
2023-08-18 14:46:27.248 [info] > git config --get commit.template [12ms]
2023-08-18 14:46:27.248 [info] > git for-each-ref --format=%(refname)%00%(upstream:short)%00%(objectname)%00%(upstream:track)%00%(upstream:remotename)%00%(upstream:remoteref) refs/heads/master refs/remotes/master [1ms]
2023-08-18 14:46:27.258 [info] > git status -z -uall [2ms]
2023-08-18 14:46:32.291 [info] > git for-each-ref --format=%(refname)%00%(upstream:short)%00%(objectname)%00%(upstream:track)%00%(upstream:remotename)%00%(upstream:remoteref) refs/heads/master refs/remotes/master [3ms]
2023-08-18 14:46:32.291 [info] > git config --get commit.template [16ms]
2023-08-18 14:46:32.301 [info] > git status -z -uall [2ms]
2023-08-18 14:47:00.114 [info] > git config --get commit.template [8ms]
2023-08-18 14:47:00.114 [info] > git for-each-ref --format=%(refname)%00%(upstream:short)%00%(objectname)%00%(upstream:track)%00%(upstream:remotename)%00%(upstream:remoteref) refs/heads/master refs/remotes/master [1ms]
2023-08-18 14:47:00.123 [info] > git status -z -uall [1ms]
2023-08-18 14:47:05.150 [info] > git config --get commit.template [8ms]
2023-08-18 14:47:05.150 [info] > git for-each-ref --format=%(refname)%00%(upstream:short)%00%(objectname)%00%(upstream:track)%00%(upstream:remotename)%00%(upstream:remoteref) refs/heads/master refs/remotes/master [1ms]
2023-08-18 14:47:05.160 [info] > git status -z -uall [2ms]
2023-08-18 14:48:09.175 [info] > git config --get commit.template [1ms]
2023-08-18 14:48:09.188 [info] > git for-each-ref --format=%(refname)%00%(upstream:short)%00%(objectname)%00%(upstream:track)%00%(upstream:remotename)%00%(upstream:remoteref) refs/heads/master refs/remotes/master [1ms]
2023-08-18 14:48:09.206 [info] > git status -z -uall [3ms]
2023-08-18 14:49:28.122 [info] > git config --get commit.template [14ms]
2023-08-18 14:49:28.122 [info] > git for-each-ref --format=%(refname)%00%(upstream:short)%00%(objectname)%00%(upstream:track)%00%(upstream:remotename)%00%(upstream:remoteref) refs/heads/master refs/remotes/master [1ms]
2023-08-18 14:49:28.132 [info] > git status -z -uall [2ms]
2023-08-18 14:51:48.051 [info] > git log --format=%H%n%aN%n%aE%n%at%n%ct%n%P%n%D%n%B -z -n120 -- /home/granted07/pyroinsights/static/css/style.css [16ms]
2023-08-18 14:51:48.245 [info] > git show --textconv :static/css/style.css [12ms]
2023-08-18 14:51:48.247 [info] > git ls-files --stage -- /home/granted07/pyroinsights/static/css/style.css [3ms]
2023-08-18 14:51:48.259 [info] > git cat-file -s 7980cff76dd6bee98625ade0ab2ab3365c126678 [2ms]
2023-08-18 14:58:36.536 [info] > git config --get commit.template [18ms]
2023-08-18 14:58:36.537 [info] > git for-each-ref --format=%(refname)%00%(upstream:short)%00%(objectname)%00%(upstream:track)%00%(upstream:remotename)%00%(upstream:remoteref) refs/heads/master refs/remotes/master [2ms]
2023-08-18 14:58:36.559 [info] > git status -z -uall [3ms]
2023-08-18 15:09:18.263 [info] > git config --get commit.template [12ms]
2023-08-18 15:09:18.264 [info] > git for-each-ref --format=%(refname)%00%(upstream:short)%00%(objectname)%00%(upstream:track)%00%(upstream:remotename)%00%(upstream:remoteref) refs/heads/master refs/remotes/master [2ms]
2023-08-18 15:09:18.276 [info] > git status -z -uall [2ms]
2023-08-18 15:15:09.815 [info] > git log --format=%H%n%aN%n%aE%n%at%n%ct%n%P%n%D%n%B -z -n120 -- /home/granted07/pyroinsights/static/css/donate.css [2ms]
2023-08-18 15:16:05.138 [info] > git log --format=%H%n%aN%n%aE%n%at%n%ct%n%P%n%D%n%B -z -n120 -- /home/granted07/pyroinsights/app.py [2ms]
2023-08-18 15:16:05.456 [info] > git show --textconv :app.py [36ms]
2023-08-18 15:16:05.462 [info] > git ls-files --stage -- /home/granted07/pyroinsights/app.py [9ms]
2023-08-18 15:16:05.486 [info] > git cat-file -s 2ee57d6401d02741a8c1ac32e6f6a2f3f4a71c6f [3ms]
2023-08-18 15:21:13.126 [info] > git log --format=%H%n%aN%n%aE%n%at%n%ct%n%P%n%D%n%B -z -n120 -- /home/granted07/pyroinsights/static/css/donate.css [2ms]
2023-08-18 15:21:16.096 [info] > git log --format=%H%n%aN%n%aE%n%at%n%ct%n%P%n%D%n%B -z -n120 -- /home/granted07/pyroinsights/templates/index.html [3ms]
2023-08-18 15:21:16.358 [info] > git show --textconv :templates/index.html [14ms]
2023-08-18 15:21:16.364 [info] > git ls-files --stage -- /home/granted07/pyroinsights/templates/index.html [2ms]
2023-08-18 15:21:16.379 [info] > git cat-file -s f27e87dd71fd027d35fdea61503a686891882287 [3ms]
2023-08-18 15:22:21.163 [info] > git config --get commit.template [14ms]
2023-08-18 15:22:21.164 [info] > git for-each-ref --format=%(refname)%00%(upstream:short)%00%(objectname)%00%(upstream:track)%00%(upstream:remotename)%00%(upstream:remoteref) refs/heads/master refs/remotes/master [2ms]
2023-08-18 15:22:21.177 [info] > git status -z -uall [2ms]
2023-08-18 15:24:36.448 [info] > git config --get commit.template [39ms]
2023-08-18 15:24:36.450 [info] > git for-each-ref --format=%(refname)%00%(upstream:short)%00%(objectname)%00%(upstream:track)%00%(upstream:remotename)%00%(upstream:remoteref) refs/heads/master refs/remotes/master [4ms]
2023-08-18 15:24:36.473 [info] > git status -z -uall [3ms]
2023-08-18 15:25:02.412 [info] > git config --get commit.template [15ms]
2023-08-18 15:25:02.413 [info] > git for-each-ref --format=%(refname)%00%(upstream:short)%00%(objectname)%00%(upstream:track)%00%(upstream:remotename)%00%(upstream:remoteref) refs/heads/master refs/remotes/master [2ms]
2023-08-18 15:25:02.426 [info] > git status -z -uall [2ms]
2023-08-18 15:27:17.007 [info] > git config --get commit.template [21ms]
2023-08-18 15:27:17.008 [info] > git for-each-ref --format=%(refname)%00%(upstream:short)%00%(objectname)%00%(upstream:track)%00%(upstream:remotename)%00%(upstream:remoteref) refs/heads/master refs/remotes/master [2ms]
2023-08-18 15:27:17.028 [info] > git status -z -uall [1ms]
2023-08-18 15:27:37.831 [info] > git log --format=%H%n%aN%n%aE%n%at%n%ct%n%P%n%D%n%B -z -n120 -- /home/granted07/pyroinsights/static/css/style.css [3ms]
2023-08-18 15:28:14.128 [info] > git config --get commit.template [1ms]
2023-08-18 15:28:14.136 [info] > git for-each-ref --format=%(refname)%00%(upstream:short)%00%(objectname)%00%(upstream:track)%00%(upstream:remotename)%00%(upstream:remoteref) refs/heads/master refs/remotes/master [1ms]
2023-08-18 15:28:14.146 [info] > git status -z -uall [2ms]
2023-08-18 15:28:24.312 [info] > git for-each-ref --format=%(refname)%00%(upstream:short)%00%(objectname)%00%(upstream:track)%00%(upstream:remotename)%00%(upstream:remoteref) refs/heads/master refs/remotes/master [6ms]
2023-08-18 15:28:24.313 [info] > git config --get commit.template [31ms]
2023-08-18 15:28:24.345 [info] > git status -z -uall [2ms]
2023-08-18 15:28:31.671 [info] > git config --get commit.template [32ms]
2023-08-18 15:28:31.672 [info] > git for-each-ref --format=%(refname)%00%(upstream:short)%00%(objectname)%00%(upstream:track)%00%(upstream:remotename)%00%(upstream:remoteref) refs/heads/master refs/remotes/master [2ms]
2023-08-18 15:28:31.708 [info] > git status -z -uall [2ms]
2023-08-18 15:29:57.313 [info] > git rev-list --count d26b83ff501ac545126e93dd0603f814206db82e.. -- /home/granted07/pyroinsights/static/css/style.css [7ms]
2023-08-18 15:29:57.328 [info] > git log --format=%H%n%aN%n%aE%n%at%n%ct%n%P%n%D%n%B -z -n11 -- /home/granted07/pyroinsights/static/css/style.css [5ms]
2023-08-18 15:29:57.804 [info] > git config --get commit.template [3ms]
2023-08-18 15:29:57.813 [info] > git for-each-ref --format=%(refname)%00%(upstream:short)%00%(objectname)%00%(upstream:track)%00%(upstream:remotename)%00%(upstream:remoteref) refs/heads/master refs/remotes/master [1ms]
2023-08-18 15:29:57.822 [info] > git status -z -uall [1ms]
2023-08-18 15:29:57.925 [info] > git ls-files --stage -- /home/granted07/pyroinsights/templates/index.html [2ms]
2023-08-18 15:29:57.934 [info] > git ls-files --stage -- /home/granted07/pyroinsights/static/css/style.css [18ms]
2023-08-18 15:29:57.943 [info] > git ls-files --stage -- /home/granted07/pyroinsights/static/css/donate.css [38ms]
2023-08-18 15:29:57.950 [info] > git cat-file -s 7980cff76dd6bee98625ade0ab2ab3365c126678 [8ms]
2023-08-18 15:29:57.951 [info] > git cat-file -s f27e87dd71fd027d35fdea61503a686891882287 [16ms]
2023-08-18 15:29:57.951 [info] > git cat-file -s 5ab0b13428b391ab2551145980a78f8daad6b3e7 [2ms]
2023-08-18 15:29:57.967 [info] > git show --textconv :static/css/style.css [7ms]
2023-08-18 15:29:57.976 [info] > git show --textconv :templates/index.html [8ms]
2023-08-18 15:29:57.976 [info] > git show --textconv :static/css/donate.css [1ms]
2023-08-18 15:30:04.800 [info] > git rev-list --count d26b83ff501ac545126e93dd0603f814206db82e.. -- /home/granted07/pyroinsights/static/css/style.css [4ms]
2023-08-18 15:30:04.819 [info] > git log --format=%H%n%aN%n%aE%n%at%n%ct%n%P%n%D%n%B -z -n11 -- /home/granted07/pyroinsights/static/css/style.css [5ms]
2023-08-18 15:30:05.291 [info] > git config --get commit.template [1ms]
2023-08-18 15:30:05.300 [info] > git for-each-ref --format=%(refname)%00%(upstream:short)%00%(objectname)%00%(upstream:track)%00%(upstream:remotename)%00%(upstream:remoteref) refs/heads/master refs/remotes/master [2ms]
2023-08-18 15:30:05.309 [info] > git status -z -uall [1ms]
2023-08-18 15:30:05.408 [info] > git ls-files --stage -- /home/granted07/pyroinsights/static/css/style.css [9ms]
2023-08-18 15:30:05.414 [info] > git ls-files --stage -- /home/granted07/pyroinsights/static/css/donate.css [21ms]
2023-08-18 15:30:05.423 [info] > git cat-file -s 5ab0b13428b391ab2551145980a78f8daad6b3e7 [3ms]
2023-08-18 15:30:05.424 [info] > git cat-file -s 7980cff76dd6bee98625ade0ab2ab3365c126678 [11ms]
2023-08-18 15:30:05.424 [info] > git ls-files --stage -- /home/granted07/pyroinsights/templates/index.html [17ms]
2023-08-18 15:30:05.446 [info] > git show --textconv :static/css/donate.css [8ms]
2023-08-18 15:30:05.447 [info] > git cat-file -s f27e87dd71fd027d35fdea61503a686891882287 [17ms]
2023-08-18 15:30:05.448 [info] > git show --textconv :static/css/style.css [2ms]
2023-08-18 15:30:05.457 [info] > git show --textconv :templates/index.html [1ms]
2023-08-18 15:30:15.825 [info] > git log --format=%H%n%aN%n%aE%n%at%n%ct%n%P%n%D%n%B -z -n120 -- /home/granted07/pyroinsights/templates/index.html [3ms]
2023-08-18 15:30:30.089 [info] > git checkout -q -- /home/granted07/pyroinsights/templates/index.html [10ms]
2023-08-18 15:30:30.121 [info] > git config --get commit.template [15ms]
2023-08-18 15:30:30.122 [info] > git for-each-ref --format=%(refname)%00%(upstream:short)%00%(objectname)%00%(upstream:track)%00%(upstream:remotename)%00%(upstream:remoteref) refs/heads/master refs/remotes/master [2ms]
2023-08-18 15:30:30.134 [info] > git status -z -uall [1ms]
2023-08-18 15:30:31.192 [info] > git config --get commit.template [2ms]
2023-08-18 15:30:31.211 [info] > git for-each-ref --format=%(refname)%00%(upstream:short)%00%(objectname)%00%(upstream:track)%00%(upstream:remotename)%00%(upstream:remoteref) refs/heads/master refs/remotes/master [3ms]
2023-08-18 15:30:31.225 [info] > git status -z -uall [3ms]
2023-08-18 15:30:31.318 [info] > git ls-files --stage -- /home/granted07/pyroinsights/static/css/style.css [14ms]
2023-08-18 15:30:31.327 [info] > git ls-files --stage -- /home/granted07/pyroinsights/static/css/donate.css [37ms]
2023-08-18 15:30:31.341 [info] > git cat-file -s 5ab0b13428b391ab2551145980a78f8daad6b3e7 [2ms]
2023-08-18 15:30:31.342 [info] > git cat-file -s 7980cff76dd6bee98625ade0ab2ab3365c126678 [15ms]
2023-08-18 15:30:31.343 [info] > git ls-files --stage -- /home/granted07/pyroinsights/templates/index.html [26ms]
2023-08-18 15:30:31.376 [info] > git show --textconv :static/css/donate.css [10ms]
2023-08-18 15:30:31.377 [info] > git cat-file -s f27e87dd71fd027d35fdea61503a686891882287 [24ms]
2023-08-18 15:30:31.379 [info] > git show --textconv :static/css/style.css [4ms]
2023-08-18 15:30:31.392 [info] > git show --textconv :templates/index.html [1ms]
2023-08-18 15:30:34.746 [info] > git ls-files --stage -- /home/granted07/pyroinsights/static/css/style.css [7ms]
2023-08-18 15:30:34.754 [info] > git ls-files --stage -- /home/granted07/pyroinsights/static/css/donate.css [23ms]
2023-08-18 15:30:34.760 [info] > git cat-file -s 7980cff76dd6bee98625ade0ab2ab3365c126678 [7ms]
2023-08-18 15:30:34.761 [info] > git ls-files --stage -- /home/granted07/pyroinsights/templates/index.html [14ms]
2023-08-18 15:30:34.767 [info] > git cat-file -s 5ab0b13428b391ab2551145980a78f8daad6b3e7 [8ms]
2023-08-18 15:30:34.775 [info] > git cat-file -s f27e87dd71fd027d35fdea61503a686891882287 [8ms]
2023-08-18 15:30:34.775 [info] > git show --textconv :static/css/style.css [1ms]
2023-08-18 15:30:34.790 [info] > git show --textconv :static/css/donate.css [8ms]
2023-08-18 15:30:34.790 [info] > git show --textconv :templates/index.html [1ms]
2023-08-18 15:30:36.255 [info] > git config --get commit.template [10ms]
2023-08-18 15:30:36.255 [info] > git for-each-ref --format=%(refname)%00%(upstream:short)%00%(objectname)%00%(upstream:track)%00%(upstream:remotename)%00%(upstream:remoteref) refs/heads/master refs/remotes/master [1ms]
2023-08-18 15:30:36.264 [info] > git status -z -uall [1ms]
2023-08-18 15:30:45.727 [info] > git config --get commit.template [3ms]
2023-08-18 15:30:45.749 [info] > git for-each-ref --format=%(refname)%00%(upstream:short)%00%(objectname)%00%(upstream:track)%00%(upstream:remotename)%00%(upstream:remoteref) refs/heads/master refs/remotes/master [4ms]
2023-08-18 15:30:45.770 [info] > git status -z -uall [3ms]
2023-08-18 15:30:45.848 [info] > git ls-files --stage -- /home/granted07/pyroinsights/static/css/style.css [13ms]
2023-08-18 15:30:45.857 [info] > git ls-files --stage -- /home/granted07/pyroinsights/static/css/donate.css [30ms]
2023-08-18 15:30:45.867 [info] > git cat-file -s 7980cff76dd6bee98625ade0ab2ab3365c126678 [11ms]
2023-08-18 15:30:45.868 [info] > git ls-files --stage -- /home/granted07/pyroinsights/templates/index.html [20ms]
2023-08-18 15:30:45.880 [info] > git cat-file -s b5f2459d78385fe76296490972720840004dd7f3 [2ms]
2023-08-18 15:30:45.881 [info] > git cat-file -s 5ab0b13428b391ab2551145980a78f8daad6b3e7 [15ms]
2023-08-18 15:30:45.914 [info] > git show --textconv :static/css/style.css [23ms]
2023-08-18 15:30:45.914 [info] > git show --textconv :templates/index.html [12ms]
2023-08-18 15:30:45.916 [info] > git show --textconv :static/css/donate.css [3ms]
2023-08-18 15:32:56.076 [info] > git config --get commit.template [22ms]
2023-08-18 15:32:56.078 [info] > git for-each-ref --format=%(refname)%00%(upstream:short)%00%(objectname)%00%(upstream:track)%00%(upstream:remotename)%00%(upstream:remoteref) refs/heads/master refs/remotes/master [3ms]
2023-08-18 15:32:56.095 [info] > git status -z -uall [1ms]
2023-08-18 15:33:57.600 [info] > git config --get commit.template [17ms]
2023-08-18 15:33:57.601 [info] > git for-each-ref --format=%(refname)%00%(upstream:short)%00%(objectname)%00%(upstream:track)%00%(upstream:remotename)%00%(upstream:remoteref) refs/heads/master refs/remotes/master [3ms]
2023-08-18 15:33:57.618 [info] > git status -z -uall [3ms]
2023-08-18 15:35:02.483 [info] > git config --get commit.template [27ms]
2023-08-18 15:35:02.487 [info] > git for-each-ref --format=%(refname)%00%(upstream:short)%00%(objectname)%00%(upstream:track)%00%(upstream:remotename)%00%(upstream:remoteref) refs/heads/master refs/remotes/master [5ms]
2023-08-18 15:35:02.501 [info] > git status -z -uall [3ms]
2023-08-18 15:35:16.364 [info] > git config --get commit.template [9ms]
2023-08-18 15:35:16.364 [info] > git for-each-ref --format=%(refname)%00%(upstream:short)%00%(objectname)%00%(upstream:track)%00%(upstream:remotename)%00%(upstream:remoteref) refs/heads/master refs/remotes/master [1ms]
2023-08-18 15:35:16.375 [info] > git status -z -uall [1ms]
2023-08-18 15:35:16.472 [info] > git ls-files --stage -- /home/granted07/pyroinsights/static/css/style.css [12ms]
2023-08-18 15:35:16.481 [info] > git ls-files --stage -- /home/granted07/pyroinsights/static/css/donate.css [32ms]
2023-08-18 15:35:16.492 [info] > git cat-file -s 212626fe22c7c833a8ff7306fde1092bf0ce049d [2ms]
2023-08-18 15:35:16.493 [info] > git cat-file -s b6057455842e6c754cf71f99f3a3695bd8f12ed8 [13ms]
2023-08-18 15:35:16.494 [info] > git ls-files --stage -- /home/granted07/pyroinsights/templates/index.html [23ms]
2023-08-18 15:35:16.506 [info] > git cat-file -s 8f837d18a57a01efa63cb84cf61bbc9839996ebd [1ms]
2023-08-18 15:35:16.567 [info] > git show --textconv :static/css/donate.css [23ms]
2023-08-18 15:35:16.568 [info] > git show --textconv :static/css/style.css [12ms]
2023-08-18 15:35:16.568 [info] > git show --textconv :templates/index.html [2ms]
2023-08-18 15:35:26.608 [info] > git config --get commit.template [8ms]
2023-08-18 15:35:26.609 [info] > git for-each-ref --format=%(refname)%00%(upstream:short)%00%(objectname)%00%(upstream:track)%00%(upstream:remotename)%00%(upstream:remoteref) refs/heads/master refs/remotes/master [1ms]
2023-08-18 15:35:26.619 [info] > git status -z -uall [2ms]
2023-08-18 15:35:26.718 [info] > git ls-files --stage -- /home/granted07/pyroinsights/static/css/style.css [11ms]
2023-08-18 15:35:26.725 [info] > git ls-files --stage -- /home/granted07/pyroinsights/static/css/donate.css [27ms]
2023-08-18 15:35:26.736 [info] > git cat-file -s b6057455842e6c754cf71f99f3a3695bd8f12ed8 [10ms]
2023-08-18 15:35:26.737 [info] > git ls-files --stage -- /home/granted07/pyroinsights/templates/index.html [19ms]
2023-08-18 15:35:26.745 [info] > git cat-file -s 212626fe22c7c833a8ff7306fde1092bf0ce049d [11ms]
2023-08-18 15:35:26.757 [info] > git cat-file -s 8f837d18a57a01efa63cb84cf61bbc9839996ebd [12ms]
2023-08-18 15:35:26.770 [info] > git show --textconv :static/css/style.css [14ms]
2023-08-18 15:35:26.778 [info] > git show --textconv :static/css/donate.css [9ms]
2023-08-18 15:35:26.780 [info] > git show --textconv :templates/index.html [1ms]
2023-08-18 15:35:39.785 [info] > git config --get commit.template [21ms]
2023-08-18 15:35:39.787 [info] > git for-each-ref --format=%(refname)%00%(upstream:short)%00%(objectname)%00%(upstream:track)%00%(upstream:remotename)%00%(upstream:remoteref) refs/heads/master refs/remotes/master [3ms]
2023-08-18 15:35:39.802 [info] > git status -z -uall [3ms]
2023-08-18 15:35:39.884 [info] > git ls-files --stage -- /home/granted07/pyroinsights/static/css/style.css [14ms]
2023-08-18 15:35:39.892 [info] > git ls-files --stage -- /home/granted07/pyroinsights/static/css/donate.css [35ms]
2023-08-18 15:35:39.902 [info] > git cat-file -s b6057455842e6c754cf71f99f3a3695bd8f12ed8 [11ms]
2023-08-18 15:35:39.903 [info] > git ls-files --stage -- /home/granted07/pyroinsights/templates/index.html [21ms]
2023-08-18 15:35:39.914 [info] > git cat-file -s 212626fe22c7c833a8ff7306fde1092bf0ce049d [14ms]
2023-08-18 15:35:39.923 [info] > git cat-file -s 8f837d18a57a01efa63cb84cf61bbc9839996ebd [11ms]
2023-08-18 15:35:39.924 [info] > git show --textconv :static/css/style.css [1ms]
2023-08-18 15:35:39.945 [info] > git show --textconv :static/css/donate.css [10ms]
2023-08-18 15:35:39.946 [info] > git show --textconv :templates/index.html [2ms]
