2023-08-17 20:14:22.117 [info] Log level: Info
2023-08-17 20:14:22.117 [info] Validating found git in: "git"
2023-08-17 20:14:22.117 [info] Using git "2.41.0" from "git"
2023-08-17 20:14:22.117 [info] > git rev-parse --show-toplevel [5ms]
2023-08-17 20:14:22.125 [info] > git rev-parse --git-dir --git-common-dir [2ms]
2023-08-17 20:14:22.133 [info] Open repository: /home/granted07
2023-08-17 20:14:22.156 [info] > git config --get commit.template [11ms]
2023-08-17 20:14:22.167 [info] > git rev-parse --show-toplevel [13ms]
2023-08-17 20:14:22.190 [info] > git for-each-ref --format=%(refname)%00%(upstream:short)%00%(objectname)%00%(upstream:track)%00%(upstream:remotename)%00%(upstream:remoteref) refs/heads/master refs/remotes/master [6ms]
2023-08-17 20:14:22.210 [info] > git rev-parse --show-toplevel [2ms]
2023-08-17 20:14:22.222 [info] > git rev-parse --show-toplevel [2ms]
2023-08-17 20:14:22.236 [info] > git rev-parse --show-toplevel [5ms]
2023-08-17 20:14:22.251 [info] > git rev-parse --show-toplevel [5ms]
2023-08-17 20:14:22.263 [info] > git rev-parse --show-toplevel [4ms]
2023-08-17 20:14:22.273 [info] > git rev-parse --show-toplevel [2ms]
2023-08-17 20:14:22.280 [info] > git rev-parse --show-toplevel [1ms]
2023-08-17 20:14:22.289 [info] > git rev-parse --show-toplevel [2ms]
2023-08-17 20:14:22.312 [info] > git status -z -uall [114ms] (cancelled)
2023-08-17 20:14:22.312 [info] > git rev-parse --show-toplevel [9ms]
2023-08-17 20:14:22.327 [info] > git rev-parse --show-toplevel [8ms]
2023-08-17 20:14:22.334 [info] > git rev-parse --show-toplevel [1ms]
2023-08-17 20:14:22.341 [info] > git rev-parse --git-dir --git-common-dir [0ms]
2023-08-17 20:14:22.345 [info] Open repository: /home/granted07/betterlockscreen
2023-08-17 20:14:22.366 [info] > git rev-parse --show-toplevel [7ms]
2023-08-17 20:14:22.367 [info] > git config --get commit.template [14ms]
2023-08-17 20:14:22.368 [info] > git for-each-ref --format=%(refname)%00%(upstream:short)%00%(objectname)%00%(upstream:track)%00%(upstream:remotename)%00%(upstream:remoteref) refs/heads/next refs/remotes/next [3ms]
2023-08-17 20:14:22.388 [info] > git status -z -uall [12ms]
2023-08-17 20:14:22.406 [info] > git rev-parse --git-dir --git-common-dir [19ms]
2023-08-17 20:14:22.411 [info] Open repository: /home/granted07/dots
2023-08-17 20:14:22.438 [info] > git config --get commit.template [33ms]
2023-08-17 20:14:22.440 [info] > git config --get commit.template [4ms]
2023-08-17 20:14:22.483 [info] > git for-each-ref --format=%(refname)%00%(upstream:short)%00%(objectname)%00%(upstream:track)%00%(upstream:remotename)%00%(upstream:remoteref) refs/heads/next refs/remotes/next [29ms]
2023-08-17 20:14:22.521 [info] > git status -z -uall [26ms]
2023-08-17 20:14:22.525 [info] > git rev-parse --show-toplevel [50ms]
2023-08-17 20:14:22.525 [info] > git for-each-ref --format=%(refname)%00%(upstream:short)%00%(objectname)%00%(upstream:track)%00%(upstream:remotename)%00%(upstream:remoteref) refs/heads/origin refs/remotes/origin [61ms]
2023-08-17 20:14:22.568 [info] > git rev-parse --git-dir --git-common-dir [4ms]
2023-08-17 20:14:22.576 [info] Open repository: /home/granted07/neofetch-themes
2023-08-17 20:14:22.583 [info] > git config --get commit.template [1ms]
2023-08-17 20:14:22.601 [info] > git for-each-ref --format=%(refname)%00%(upstream:short)%00%(objectname)%00%(upstream:track)%00%(upstream:remotename)%00%(upstream:remoteref) refs/heads/main refs/remotes/main [11ms]
2023-08-17 20:14:22.613 [info] > git rev-parse --show-toplevel [14ms]
2023-08-17 20:14:22.631 [info] > git rev-parse --git-dir --git-common-dir [3ms]
2023-08-17 20:14:22.641 [info] Open repository: /home/granted07/polybar-themes
2023-08-17 20:14:22.654 [info] > git status -z -uall [42ms]
2023-08-17 20:14:22.669 [info] > git config --get commit.template [16ms]
2023-08-17 20:14:22.696 [info] > git for-each-ref --format=%(refname)%00%(upstream:short)%00%(objectname)%00%(upstream:track)%00%(upstream:remotename)%00%(upstream:remoteref) refs/heads/master refs/remotes/master [16ms]
2023-08-17 20:14:22.709 [info] > git config --get commit.template [41ms]
2023-08-17 20:14:22.732 [info] > git check-ignore -v -z --stdin [38ms]
2023-08-17 20:14:22.734 [info] > git rev-parse --show-toplevel [10ms]
2023-08-17 20:14:22.747 [info] > git for-each-ref --format=%(refname)%00%(upstream:short)%00%(objectname)%00%(upstream:track)%00%(upstream:remotename)%00%(upstream:remoteref) refs/heads/main refs/remotes/main [16ms]
2023-08-17 20:14:22.759 [info] > git rev-parse --show-toplevel [13ms]
2023-08-17 20:14:22.781 [info] > git rev-parse --git-dir --git-common-dir [1ms]
2023-08-17 20:14:22.789 [info] Open repository: /home/granted07/yay
2023-08-17 20:14:22.800 [info] > git status -z -uall [42ms]
2023-08-17 20:14:22.817 [info] > git config --get commit.template [18ms]
2023-08-17 20:14:22.825 [info] > git for-each-ref --format=%(refname)%00%(upstream:short)%00%(objectname)%00%(upstream:track)%00%(upstream:remotename)%00%(upstream:remoteref) refs/heads/master refs/remotes/master [9ms]
2023-08-17 20:14:22.865 [info] > git status -z -uall [7ms]
2023-08-17 20:14:22.910 [info] > git config --get commit.template [11ms]
2023-08-17 20:14:22.913 [info] > git for-each-ref --format=%(refname)%00%(upstream:short)%00%(objectname)%00%(upstream:track)%00%(upstream:remotename)%00%(upstream:remoteref) refs/heads/master refs/remotes/master [3ms]
2023-08-17 20:14:22.924 [info] > git status -z -uall [3ms]
2023-08-17 20:14:22.965 [info] > git status -z -uall [256ms]
2023-08-17 20:14:22.992 [info] > git config --get commit.template [14ms]
2023-08-17 20:14:22.996 [info] > git for-each-ref --format=%(refname)%00%(upstream:short)%00%(objectname)%00%(upstream:track)%00%(upstream:remotename)%00%(upstream:remoteref) refs/heads/master refs/remotes/master [4ms]
2023-08-17 20:14:23.097 [info] > git status -z -uall [560ms]
2023-08-17 20:14:23.126 [info] > git config --get commit.template [13ms]
2023-08-17 20:14:23.128 [info] > git for-each-ref --format=%(refname)%00%(upstream:short)%00%(objectname)%00%(upstream:track)%00%(upstream:remotename)%00%(upstream:remoteref) refs/heads/origin refs/remotes/origin [3ms]
2023-08-17 20:14:23.233 [info] > git check-ignore -v -z --stdin [8ms]
2023-08-17 20:14:23.341 [info] > git status -z -uall [336ms]
2023-08-17 20:14:23.495 [info] > git show --textconv :.config/neofetch/dotfetch.conf [13ms]
2023-08-17 20:14:23.500 [info] > git ls-files --stage -- /home/granted07/.config/neofetch/dotfetch.conf [5ms]
2023-08-17 20:14:23.708 [info] > git status -z -uall [554ms]
