2023-08-18 14:34:22.607 [info] Log level: Info
2023-08-18 14:34:22.607 [info] Validating found git in: "git"
2023-08-18 14:34:22.607 [info] Using git "2.41.0" from "git"
2023-08-18 14:34:22.607 [info] > git rev-parse --show-toplevel [39ms]
2023-08-18 14:34:22.607 [info] > git rev-parse --git-dir --git-common-dir [82ms]
2023-08-18 14:34:22.607 [info] Open repository: /home/granted07/pyroinsights
2023-08-18 14:34:22.703 [info] > git rev-parse --show-toplevel [68ms]
2023-08-18 14:34:22.704 [info] > git config --get commit.template [79ms]
2023-08-18 14:34:22.764 [info] > git for-each-ref --format=%(refname)%00%(upstream:short)%00%(objectname)%00%(upstream:track)%00%(upstream:remotename)%00%(upstream:remoteref) refs/heads/master refs/remotes/master [44ms]
2023-08-18 14:34:22.802 [info] > git status -z -uall [27ms]
2023-08-18 14:34:22.860 [info] > git config --get commit.template [29ms]
2023-08-18 14:34:22.861 [info] > git rev-parse --show-toplevel [3ms]
2023-08-18 14:34:22.888 [info] > git rev-parse --show-toplevel [8ms]
2023-08-18 14:34:22.889 [info] > git for-each-ref --format=%(refname)%00%(upstream:short)%00%(objectname)%00%(upstream:track)%00%(upstream:remotename)%00%(upstream:remoteref) refs/heads/master refs/remotes/master [19ms]
2023-08-18 14:34:22.905 [info] > git status -z -uall [10ms]
2023-08-18 14:34:22.915 [info] > git rev-parse --show-toplevel [11ms]
2023-08-18 14:34:23.227 [info] > git check-ignore -v -z --stdin [30ms]
2023-08-18 14:34:24.678 [info] > git show --textconv :templates/index.html [13ms]
2023-08-18 14:34:24.682 [info] > git ls-files --stage -- /home/granted07/pyroinsights/templates/index.html [5ms]
2023-08-18 14:34:24.698 [info] > git cat-file -s 4c7aaf9a2b5f0826ae1a1faa6f21bc2bb19cd865 [7ms]
2023-08-18 14:34:28.395 [info] > git checkout -q -- /home/granted07/pyroinsights/static/css/style.css [2ms]
2023-08-18 14:34:28.418 [info] > git config --get commit.template [13ms]
2023-08-18 14:34:28.419 [info] > git for-each-ref --format=%(refname)%00%(upstream:short)%00%(objectname)%00%(upstream:track)%00%(upstream:remotename)%00%(upstream:remoteref) refs/heads/master refs/remotes/master [4ms]
2023-08-18 14:34:28.432 [info] > git status -z -uall [2ms]
2023-08-18 14:34:29.510 [info] > git config --get commit.template [11ms]
2023-08-18 14:34:29.510 [info] > git for-each-ref --format=%(refname)%00%(upstream:short)%00%(objectname)%00%(upstream:track)%00%(upstream:remotename)%00%(upstream:remoteref) refs/heads/master refs/remotes/master [1ms]
2023-08-18 14:34:29.518 [info] > git status -z -uall [2ms]
2023-08-18 14:34:29.611 [info] > git ls-files --stage -- /home/granted07/pyroinsights/templates/index.html [1ms]
2023-08-18 14:34:29.620 [info] > git cat-file -s 4c7aaf9a2b5f0826ae1a1faa6f21bc2bb19cd865 [3ms]
2023-08-18 14:34:29.632 [info] > git show --textconv :templates/index.html [3ms]
2023-08-18 14:34:31.288 [info] > git checkout -q -- /home/granted07/pyroinsights/templates/index.html [2ms]
2023-08-18 14:34:31.302 [info] > git config --get commit.template [1ms]
2023-08-18 14:34:31.312 [info] > git for-each-ref --format=%(refname)%00%(upstream:short)%00%(objectname)%00%(upstream:track)%00%(upstream:remotename)%00%(upstream:remoteref) refs/heads/master refs/remotes/master [1ms]
2023-08-18 14:34:31.323 [info] > git status -z -uall [2ms]
2023-08-18 14:34:47.980 [info] > git config --get commit.template [1ms]
2023-08-18 14:34:48.001 [info] > git ls-files --stage -- /home/granted07/pyroinsights/templates/index.html [11ms]
2023-08-18 14:34:48.014 [info] > git for-each-ref --format=%(refname)%00%(upstream:short)%00%(objectname)%00%(upstream:track)%00%(upstream:remotename)%00%(upstream:remoteref) refs/heads/master refs/remotes/master [14ms]
2023-08-18 14:34:48.025 [info] > git cat-file -s f27e87dd71fd027d35fdea61503a686891882287 [12ms]
2023-08-18 14:34:48.028 [info] > git status -z -uall [4ms]
2023-08-18 14:34:48.089 [info] > git show --textconv :templates/index.html [4ms]
2023-08-18 14:34:53.050 [info] > git config --get commit.template [2ms]
2023-08-18 14:34:53.058 [info] > git for-each-ref --format=%(refname)%00%(upstream:short)%00%(objectname)%00%(upstream:track)%00%(upstream:remotename)%00%(upstream:remoteref) refs/heads/master refs/remotes/master [1ms]
2023-08-18 14:34:53.067 [info] > git status -z -uall [2ms]
