2023-08-17 02:21:44.719 [info] Log level: Info
2023-08-17 02:21:44.719 [info] Validating found git in: "git"
2023-08-17 02:21:44.719 [info] Using git "2.41.0" from "git"
2023-08-17 02:21:44.719 [info] > git rev-parse --show-toplevel [4ms]
2023-08-17 02:21:44.719 [info] > git rev-parse --git-dir --git-common-dir [7ms]
2023-08-17 02:21:44.719 [info] Open repository: /home/granted07
2023-08-17 02:21:44.745 [info] > git config --get commit.template [16ms]
2023-08-17 02:21:44.753 [info] > git rev-parse --show-toplevel [10ms]
2023-08-17 02:21:44.774 [info] > git for-each-ref --format=%(refname)%00%(upstream:short)%00%(objectname)%00%(upstream:track)%00%(upstream:remotename)%00%(upstream:remoteref) refs/heads/master refs/remotes/master [4ms]
2023-08-17 02:21:44.795 [info] > git rev-parse --show-toplevel [3ms]
2023-08-17 02:21:44.805 [info] > git rev-parse --show-toplevel [1ms]
2023-08-17 02:21:44.815 [info] > git rev-parse --show-toplevel [3ms]
2023-08-17 02:21:44.826 [info] > git rev-parse --show-toplevel [2ms]
2023-08-17 02:21:44.854 [info] > git rev-parse --show-toplevel [1ms]
2023-08-17 02:21:44.877 [info] > git rev-parse --show-toplevel [3ms]
2023-08-17 02:21:44.888 [info] > git rev-parse --show-toplevel [1ms]
2023-08-17 02:21:44.898 [info] > git rev-parse --show-toplevel [2ms]
2023-08-17 02:21:44.915 [info] > git rev-parse --show-toplevel [1ms]
2023-08-17 02:21:44.929 [info] > git rev-parse --show-toplevel [3ms]
2023-08-17 02:21:44.966 [info] > git rev-parse --show-toplevel [8ms]
2023-08-17 02:21:44.979 [info] > git status -z -uall [197ms] (cancelled)
2023-08-17 02:21:44.992 [info] > git rev-parse --git-dir --git-common-dir [3ms]
2023-08-17 02:21:44.999 [info] Open repository: /home/granted07/dots
2023-08-17 02:21:45.032 [info] > git config --get commit.template [22ms]
2023-08-17 02:21:45.033 [info] > git for-each-ref --format=%(refname)%00%(upstream:short)%00%(objectname)%00%(upstream:track)%00%(upstream:remotename)%00%(upstream:remoteref) refs/heads/origin refs/remotes/origin [3ms]
2023-08-17 02:21:45.043 [info] > git rev-parse --show-toplevel [20ms]
2023-08-17 02:21:45.053 [info] > git rev-parse --git-dir --git-common-dir [2ms]
2023-08-17 02:21:45.059 [info] Open repository: /home/granted07/polybar-themes
2023-08-17 02:21:45.092 [info] > git config --get commit.template [21ms]
2023-08-17 02:21:45.093 [info] > git for-each-ref --format=%(refname)%00%(upstream:short)%00%(objectname)%00%(upstream:track)%00%(upstream:remotename)%00%(upstream:remoteref) refs/heads/master refs/remotes/master [10ms]
2023-08-17 02:21:45.105 [info] > git rev-parse --show-toplevel [14ms]
2023-08-17 02:21:45.123 [info] > git rev-parse --show-toplevel [7ms]
2023-08-17 02:21:45.135 [info] > git rev-parse --git-dir --git-common-dir [2ms]
2023-08-17 02:21:45.140 [info] Open repository: /home/granted07/yay
2023-08-17 02:21:45.162 [info] > git config --get commit.template [12ms]
2023-08-17 02:21:45.163 [info] > git for-each-ref --format=%(refname)%00%(upstream:short)%00%(objectname)%00%(upstream:track)%00%(upstream:remotename)%00%(upstream:remoteref) refs/heads/master refs/remotes/master [2ms]
2023-08-17 02:21:45.182 [info] > git status -z -uall [8ms]
2023-08-17 02:21:45.220 [info] > git config --get commit.template [3ms]
2023-08-17 02:21:45.231 [info] > git for-each-ref --format=%(refname)%00%(upstream:short)%00%(objectname)%00%(upstream:track)%00%(upstream:remotename)%00%(upstream:remoteref) refs/heads/master refs/remotes/master [2ms]
2023-08-17 02:21:45.278 [info] > git status -z -uall [20ms]
2023-08-17 02:21:45.278 [info] > git check-ignore -v -z --stdin [8ms]
2023-08-17 02:21:45.369 [info] > git status -z -uall [267ms]
2023-08-17 02:21:45.393 [info] > git for-each-ref --format=%(refname)%00%(upstream:short)%00%(objectname)%00%(upstream:track)%00%(upstream:remotename)%00%(upstream:remoteref) refs/heads/master refs/remotes/master [1ms]
2023-08-17 02:21:45.393 [info] > git config --get commit.template [12ms]
2023-08-17 02:21:45.526 [info] > git status -z -uall [484ms]
2023-08-17 02:21:45.568 [info] > git config --get commit.template [14ms]
2023-08-17 02:21:45.576 [info] > git for-each-ref --format=%(refname)%00%(upstream:short)%00%(objectname)%00%(upstream:track)%00%(upstream:remotename)%00%(upstream:remoteref) refs/heads/origin refs/remotes/origin [8ms]
2023-08-17 02:21:45.710 [info] > git status -z -uall [306ms]
2023-08-17 02:21:45.883 [info] > git show --textconv :.config/polybar/hack/config.ini [12ms]
2023-08-17 02:21:45.888 [info] > git ls-files --stage -- /home/granted07/.config/polybar/hack/config.ini [5ms]
2023-08-17 02:21:46.123 [info] > git status -z -uall [527ms]
2023-08-17 02:21:48.899 [info] > git config --get commit.template [2ms]
2023-08-17 02:21:48.911 [info] > git for-each-ref --format=%(refname)%00%(upstream:short)%00%(objectname)%00%(upstream:track)%00%(upstream:remotename)%00%(upstream:remoteref) refs/heads/master refs/remotes/master [1ms]
2023-08-17 02:21:49.100 [info] > git status -z -uall [182ms] (cancelled)
2023-08-17 02:26:52.816 [info] > git check-ignore -v -z --stdin [3ms]
2023-08-17 02:26:53.880 [info] > git check-ignore -v -z --stdin [3ms]
2023-08-17 02:26:54.256 [info] > git show --textconv :.config/picom/picom.conf [10ms]
2023-08-17 02:26:54.258 [info] > git ls-files --stage -- /home/granted07/.config/picom/picom.conf [2ms]
