2023-08-18 21:01:50.537 [info] Extension host with pid 37093 started
2023-08-18 21:01:50.537 [info] Skipping acquiring lock for /home/granted07/.config/Code/User/workspaceStorage/d9bf13b3ed6fec397c0ba5e7332d15d7.
2023-08-18 21:01:50.901 [info] ExtensionService#_doActivateExtension vscode.emmet, startup: false, activationEvent: 'onLanguage'
2023-08-18 21:01:50.911 [info] ExtensionService#_doActivateExtension vscode.css-language-features, startup: false, activationEvent: 'onLanguage:css'
2023-08-18 21:01:52.060 [info] ExtensionService#_doActivateExtension vscode.git-base, startup: true, activationEvent: '*', root cause: vscode.git
2023-08-18 21:01:52.112 [info] ExtensionService#_doActivateExtension ecmel.vscode-html-css, startup: true, activationEvent: '*'
2023-08-18 21:01:52.212 [info] ExtensionService#_doActivateExtension naumovs.color-highlight, startup: true, activationEvent: '*'
2023-08-18 21:01:52.251 [info] ExtensionService#_doActivateExtension ms-python.python, startup: true, activationEvent: 'workspaceContains:app.py'
2023-08-18 21:01:52.651 [info] ExtensionService#_doActivateExtension vscode.git, startup: true, activationEvent: '*'
2023-08-18 21:01:52.713 [info] ExtensionService#_doActivateExtension vscode.github, startup: true, activationEvent: '*'
2023-08-18 21:01:53.143 [info] Eager extensions activated
2023-08-18 21:01:53.552 [info] ExtensionService#_doActivateExtension vscode.debug-auto-launch, startup: false, activationEvent: 'onStartupFinished'
2023-08-18 21:01:53.564 [info] ExtensionService#_doActivateExtension vscode.merge-conflict, startup: false, activationEvent: 'onStartupFinished'
2023-08-18 21:01:53.575 [info] ExtensionService#_doActivateExtension TabNine.tabnine-vscode, startup: false, activationEvent: 'onStartupFinished'
2023-08-18 21:01:53.720 [info] ExtensionService#_doActivateExtension yandeu.five-server, startup: false, activationEvent: 'onStartupFinished'
2023-08-18 21:01:54.378 [info] ExtensionService#_doActivateExtension ms-python.vscode-pylance, startup: false, activationEvent: 'api', root cause: ms-python.python
2023-08-18 21:01:54.880 [info] ExtensionService#_doActivateExtension vscode.github-authentication, startup: false, activationEvent: 'onAuthenticationRequest:github'
2023-08-18 21:01:55.948 [info] ExtensionService#_doActivateExtension vscode.json-language-features, startup: false, activationEvent: 'onLanguage:jsonc'
2023-08-18 21:01:56.012 [info] ExtensionService#_doActivateExtension vscode.typescript-language-features, startup: false, activationEvent: 'onLanguage:jsonc'
2023-08-18 21:01:59.005 [info] ExtensionService#_doActivateExtension vscode.microsoft-authentication, startup: false, activationEvent: 'onAuthenticationRequest:microsoft'
2023-08-18 21:02:28.402 [info] ExtensionService#_doActivateExtension vscode.simple-browser, startup: false, activationEvent: 'onOpenExternalUri:http'
2023-08-18 21:05:55.937 [info] Extension host terminating: renderer closed the MessagePort
2023-08-18 21:05:56.061 [error] Canceled: Canceled
	at new h (/opt/visual-studio-code/resources/app/out/vs/workbench/api/node/extensionHostProcess.js:102:56634)
	at t.O (/opt/visual-studio-code/resources/app/out/vs/workbench/api/node/extensionHostProcess.js:114:8020)
	at N.<computed>.T.charCodeAt.N.<computed> (/opt/visual-studio-code/resources/app/out/vs/workbench/api/node/extensionHostProcess.js:114:5459)
	at a.g (/opt/visual-studio-code/resources/app/out/vs/workbench/api/node/extensionHostProcess.js:102:77241)
	at a.executeCommand (/opt/visual-studio-code/resources/app/out/vs/workbench/api/node/extensionHostProcess.js:102:76679)
	at v.registerCommand.description (/opt/visual-studio-code/resources/app/out/vs/workbench/api/node/extensionHostProcess.js:102:76000)
	at a.h (/opt/visual-studio-code/resources/app/out/vs/workbench/api/node/extensionHostProcess.js:102:77777)
	at a.g (/opt/visual-studio-code/resources/app/out/vs/workbench/api/node/extensionHostProcess.js:102:76772)
	at a.executeCommand (/opt/visual-studio-code/resources/app/out/vs/workbench/api/node/extensionHostProcess.js:102:76679)
	at Object.executeCommand (/opt/visual-studio-code/resources/app/out/vs/workbench/api/node/extensionHostProcess.js:120:20977)
	at r.D [as value] (/opt/visual-studio-code/resources/app/extensions/git/dist/main.js:2:1261690)
	at f.w (/opt/visual-studio-code/resources/app/out/vs/workbench/api/node/extensionHostProcess.js:63:1902)
	at f.x (/opt/visual-studio-code/resources/app/out/vs/workbench/api/node/extensionHostProcess.js:63:1972)
	at f.fire (/opt/visual-studio-code/resources/app/out/vs/workbench/api/node/extensionHostProcess.js:63:2188)
	at Object.m [as dispose] (/opt/visual-studio-code/resources/app/extensions/git/dist/main.js:2:1277293)
	at /opt/visual-studio-code/resources/app/extensions/git/dist/main.js:2:1282023
	at Array.forEach (<anonymous>)
	at g.dispose (/opt/visual-studio-code/resources/app/extensions/git/dist/main.js:2:1282009)
	at p.<anonymous> (/opt/visual-studio-code/resources/app/out/vs/workbench/api/node/extensionHostProcess.js:98:3381)
	at p.dispose (/opt/visual-studio-code/resources/app/out/vs/workbench/api/node/extensionHostProcess.js:98:3478)
	at p.<anonymous> (/opt/visual-studio-code/resources/app/extensions/git/dist/main.js:2:1263703)
	at p.dispose (/opt/visual-studio-code/resources/app/out/vs/workbench/api/node/extensionHostProcess.js:98:3478)
	at S (/opt/visual-studio-code/resources/app/out/vs/workbench/api/node/extensionHostProcess.js:13:11731)
	at r.Z (/opt/visual-studio-code/resources/app/out/vs/workbench/api/node/extensionHostProcess.js:116:9686)
	at /opt/visual-studio-code/resources/app/out/vs/workbench/api/node/extensionHostProcess.js:116:7582
	at Array.map (<anonymous>)
	at r.S (/opt/visual-studio-code/resources/app/out/vs/workbench/api/node/extensionHostProcess.js:116:7570)
	at r.terminate (/opt/visual-studio-code/resources/app/out/vs/workbench/api/node/extensionHostProcess.js:116:7842)
	at s.terminate (/opt/visual-studio-code/resources/app/out/vs/workbench/api/node/extensionHostProcess.js:120:1506)
	at C (/opt/visual-studio-code/resources/app/out/vs/workbench/api/node/extensionHostProcess.js:130:32254)
	at MessagePortMain.<anonymous> (/opt/visual-studio-code/resources/app/out/vs/workbench/api/node/extensionHostProcess.js:130:28679)
	at MessagePortMain.emit (node:events:513:28)
	at MessagePortMain._internalPort.emit (node:electron/js2c/utility_init:2:367) setContext undefined
2023-08-18 21:05:56.062 [error] Canceled: Canceled
	at new h (/opt/visual-studio-code/resources/app/out/vs/workbench/api/node/extensionHostProcess.js:102:56634)
	at t.O (/opt/visual-studio-code/resources/app/out/vs/workbench/api/node/extensionHostProcess.js:114:8020)
	at N.<computed>.T.charCodeAt.N.<computed> (/opt/visual-studio-code/resources/app/out/vs/workbench/api/node/extensionHostProcess.js:114:5459)
	at a.g (/opt/visual-studio-code/resources/app/out/vs/workbench/api/node/extensionHostProcess.js:102:77241)
	at a.executeCommand (/opt/visual-studio-code/resources/app/out/vs/workbench/api/node/extensionHostProcess.js:102:76679)
	at v.registerCommand.description (/opt/visual-studio-code/resources/app/out/vs/workbench/api/node/extensionHostProcess.js:102:76000)
	at a.h (/opt/visual-studio-code/resources/app/out/vs/workbench/api/node/extensionHostProcess.js:102:77777)
	at a.g (/opt/visual-studio-code/resources/app/out/vs/workbench/api/node/extensionHostProcess.js:102:76772)
	at a.executeCommand (/opt/visual-studio-code/resources/app/out/vs/workbench/api/node/extensionHostProcess.js:102:76679)
	at Object.executeCommand (/opt/visual-studio-code/resources/app/out/vs/workbench/api/node/extensionHostProcess.js:120:20977)
	at set b [as b] (/opt/visual-studio-code/resources/app/extensions/github/dist/extension.js:2:676183)
	at /opt/visual-studio-code/resources/app/extensions/github/dist/extension.js:2:676827
	at r.value (/opt/visual-studio-code/resources/app/extensions/git/dist/main.js:2:1349176)
	at f.w (/opt/visual-studio-code/resources/app/out/vs/workbench/api/node/extensionHostProcess.js:63:1902)
	at f.x (/opt/visual-studio-code/resources/app/out/vs/workbench/api/node/extensionHostProcess.js:63:1972)
	at f.fire (/opt/visual-studio-code/resources/app/out/vs/workbench/api/node/extensionHostProcess.js:63:2188)
	at Object.m [as dispose] (/opt/visual-studio-code/resources/app/extensions/git/dist/main.js:2:1277293)
	at /opt/visual-studio-code/resources/app/extensions/git/dist/main.js:2:1282023
	at Array.forEach (<anonymous>)
	at g.dispose (/opt/visual-studio-code/resources/app/extensions/git/dist/main.js:2:1282009)
	at p.<anonymous> (/opt/visual-studio-code/resources/app/out/vs/workbench/api/node/extensionHostProcess.js:98:3381)
	at p.dispose (/opt/visual-studio-code/resources/app/out/vs/workbench/api/node/extensionHostProcess.js:98:3478)
	at p.<anonymous> (/opt/visual-studio-code/resources/app/extensions/git/dist/main.js:2:1263703)
	at p.dispose (/opt/visual-studio-code/resources/app/out/vs/workbench/api/node/extensionHostProcess.js:98:3478)
	at S (/opt/visual-studio-code/resources/app/out/vs/workbench/api/node/extensionHostProcess.js:13:11731)
	at r.Z (/opt/visual-studio-code/resources/app/out/vs/workbench/api/node/extensionHostProcess.js:116:9686)
	at /opt/visual-studio-code/resources/app/out/vs/workbench/api/node/extensionHostProcess.js:116:7582
	at Array.map (<anonymous>)
	at r.S (/opt/visual-studio-code/resources/app/out/vs/workbench/api/node/extensionHostProcess.js:116:7570)
	at r.terminate (/opt/visual-studio-code/resources/app/out/vs/workbench/api/node/extensionHostProcess.js:116:7842)
	at s.terminate (/opt/visual-studio-code/resources/app/out/vs/workbench/api/node/extensionHostProcess.js:120:1506)
	at C (/opt/visual-studio-code/resources/app/out/vs/workbench/api/node/extensionHostProcess.js:130:32254)
	at MessagePortMain.<anonymous> (/opt/visual-studio-code/resources/app/out/vs/workbench/api/node/extensionHostProcess.js:130:28679)
	at MessagePortMain.emit (node:events:513:28)
	at MessagePortMain._internalPort.emit (node:electron/js2c/utility_init:2:367) setContext undefined
2023-08-18 21:05:56.062 [error] Canceled: Canceled
	at new h (/opt/visual-studio-code/resources/app/out/vs/workbench/api/node/extensionHostProcess.js:102:56634)
	at t.O (/opt/visual-studio-code/resources/app/out/vs/workbench/api/node/extensionHostProcess.js:114:8020)
	at N.<computed>.T.charCodeAt.N.<computed> (/opt/visual-studio-code/resources/app/out/vs/workbench/api/node/extensionHostProcess.js:114:5459)
	at a.g (/opt/visual-studio-code/resources/app/out/vs/workbench/api/node/extensionHostProcess.js:102:77241)
	at a.executeCommand (/opt/visual-studio-code/resources/app/out/vs/workbench/api/node/extensionHostProcess.js:102:76679)
	at v.registerCommand.description (/opt/visual-studio-code/resources/app/out/vs/workbench/api/node/extensionHostProcess.js:102:76000)
	at a.h (/opt/visual-studio-code/resources/app/out/vs/workbench/api/node/extensionHostProcess.js:102:77777)
	at a.g (/opt/visual-studio-code/resources/app/out/vs/workbench/api/node/extensionHostProcess.js:102:76772)
	at a.executeCommand (/opt/visual-studio-code/resources/app/out/vs/workbench/api/node/extensionHostProcess.js:102:76679)
	at Object.executeCommand (/opt/visual-studio-code/resources/app/out/vs/workbench/api/node/extensionHostProcess.js:120:20977)
	at Object.dispose (/home/granted07/.vscode/extensions/tabnine.tabnine-vscode-3.7.0/out/extension.js:17:87997)
	at p.<anonymous> (/opt/visual-studio-code/resources/app/out/vs/workbench/api/node/extensionHostProcess.js:98:3381)
	at p.dispose (/opt/visual-studio-code/resources/app/out/vs/workbench/api/node/extensionHostProcess.js:98:3478)
	at p.<anonymous> (/opt/visual-studio-code/resources/app/out/vs/workbench/api/node/extensionHostProcess.js:98:3381)
	at p.dispose (/opt/visual-studio-code/resources/app/out/vs/workbench/api/node/extensionHostProcess.js:98:3478)
	at /home/granted07/.vscode/extensions/tabnine.tabnine-vscode-3.7.0/out/extension.js:17:30759
	at Array.forEach (<anonymous>)
	at h (/home/granted07/.vscode/extensions/tabnine.tabnine-vscode-3.7.0/out/extension.js:17:30744)
	at Object.dispose (/home/granted07/.vscode/extensions/tabnine.tabnine-vscode-3.7.0/out/extension.js:17:30187)
	at S (/opt/visual-studio-code/resources/app/out/vs/workbench/api/node/extensionHostProcess.js:13:11731)
	at r.Z (/opt/visual-studio-code/resources/app/out/vs/workbench/api/node/extensionHostProcess.js:116:9686)
	at /opt/visual-studio-code/resources/app/out/vs/workbench/api/node/extensionHostProcess.js:116:7582
	at Array.map (<anonymous>)
	at r.S (/opt/visual-studio-code/resources/app/out/vs/workbench/api/node/extensionHostProcess.js:116:7570)
	at r.terminate (/opt/visual-studio-code/resources/app/out/vs/workbench/api/node/extensionHostProcess.js:116:7842)
	at s.terminate (/opt/visual-studio-code/resources/app/out/vs/workbench/api/node/extensionHostProcess.js:120:1506)
	at C (/opt/visual-studio-code/resources/app/out/vs/workbench/api/node/extensionHostProcess.js:130:32254)
	at MessagePortMain.<anonymous> (/opt/visual-studio-code/resources/app/out/vs/workbench/api/node/extensionHostProcess.js:130:28679)
	at MessagePortMain.emit (node:events:513:28)
	at MessagePortMain._internalPort.emit (node:electron/js2c/utility_init:2:367) setContext undefined
2023-08-18 21:05:57.002 [error] Error: Channel has been closed
	at n (/opt/visual-studio-code/resources/app/out/vs/workbench/api/node/extensionHostProcess.js:115:2490)
	at Object.appendLine (/opt/visual-studio-code/resources/app/out/vs/workbench/api/node/extensionHostProcess.js:115:2608)
	at Object.log (/home/granted07/.vscode/extensions/tabnine.tabnine-vscode-3.7.0/out/extension.js:17:136433)
	at Object.error (/home/granted07/.vscode/extensions/tabnine.tabnine-vscode-3.7.0/out/extension.js:17:136777)
	at t.default.request (/home/granted07/.vscode/extensions/tabnine.tabnine-vscode-3.7.0/out/extension.js:17:31759)
	at async Promise.all (index 16)
	at async r.S (/opt/visual-studio-code/resources/app/out/vs/workbench/api/node/extensionHostProcess.js:116:7595)
2023-08-18 21:05:57.002 [info] Extension host with pid 37093 exiting with code 0
