2023-08-18 01:39:58.000 [info] Getting Manifest... ms-python.python
2023-08-18 01:39:59.034 [info] Installing extension: ms-python.python
2023-08-18 01:40:04.431 [info] Getting Manifest... abusaidm.html-snippets
2023-08-18 01:40:05.881 [info] Installing extension: abusaidm.html-snippets
2023-08-18 01:40:08.012 [info] Extension signature verification is not done: abusaidm.html-snippets
2023-08-18 01:40:08.086 [info] Extracted extension to file:///home/granted07/.vscode-oss/extensions/abusaidm.html-snippets-0.2.1-universal: abusaidm.html-snippets
2023-08-18 01:40:08.096 [info] Renamed to /home/granted07/.vscode-oss/extensions/abusaidm.html-snippets-0.2.1-universal
2023-08-18 01:40:08.099 [info] Extracting extension completed. abusaidm.html-snippets
2023-08-18 01:40:08.118 [info] Extension installed successfully: abusaidm.html-snippets
2023-08-18 01:40:14.654 [info] Extension signature verification is not done: ms-python.python
2023-08-18 01:40:16.842 [info] Getting Manifest... pucelle.vscode-css-navigation
2023-08-18 01:40:17.208 [info] Installing extension: pucelle.vscode-css-navigation
2023-08-18 01:40:19.119 [info] Extracted extension to file:///home/granted07/.vscode-oss/extensions/ms-python.python-2023.12.0-universal: ms-python.python
2023-08-18 01:40:19.140 [info] Renamed to /home/granted07/.vscode-oss/extensions/ms-python.python-2023.12.0-universal
2023-08-18 01:40:19.147 [info] Extracting extension completed. ms-python.python
2023-08-18 01:40:19.165 [info] Extension installed successfully: ms-python.python
2023-08-18 01:40:20.232 [info] Extension signature verification is not done: pucelle.vscode-css-navigation
2023-08-18 01:40:20.676 [info] Extracted extension to file:///home/granted07/.vscode-oss/extensions/pucelle.vscode-css-navigation-1.13.2-universal: pucelle.vscode-css-navigation
2023-08-18 01:40:20.695 [info] Renamed to /home/granted07/.vscode-oss/extensions/pucelle.vscode-css-navigation-1.13.2-universal
2023-08-18 01:40:20.698 [info] Extracting extension completed. pucelle.vscode-css-navigation
2023-08-18 01:40:20.717 [info] Extension installed successfully: pucelle.vscode-css-navigation
2023-08-18 01:40:31.164 [info] Getting Manifest... orellabaccr.snowscript-js
2023-08-18 01:40:31.566 [info] Installing extension: orellabaccr.snowscript-js
2023-08-18 01:40:33.895 [info] Extension signature verification is not done: orellabaccr.snowscript-js
2023-08-18 01:40:33.948 [info] Extracted extension to file:///home/granted07/.vscode-oss/extensions/orellabaccr.snowscript-js-1.0.8-universal: orellabaccr.snowscript-js
2023-08-18 01:40:33.967 [info] Renamed to /home/granted07/.vscode-oss/extensions/orellabaccr.snowscript-js-1.0.8-universal
2023-08-18 01:40:33.971 [info] Extracting extension completed. orellabaccr.snowscript-js
2023-08-18 01:40:33.984 [info] Extension installed successfully: orellabaccr.snowscript-js
2023-08-18 01:40:52.019 [info] Getting Manifest... coenraads.bracket-pair-colorizer-2
2023-08-18 01:40:53.116 [info] Installing extension: coenraads.bracket-pair-colorizer-2
2023-08-18 01:40:55.293 [info] Extension signature verification is not done: coenraads.bracket-pair-colorizer-2
2023-08-18 01:40:55.428 [info] Extracted extension to file:///home/granted07/.vscode-oss/extensions/coenraads.bracket-pair-colorizer-2-0.1.4-universal: coenraads.bracket-pair-colorizer-2
2023-08-18 01:40:55.445 [info] Renamed to /home/granted07/.vscode-oss/extensions/coenraads.bracket-pair-colorizer-2-0.1.4-universal
2023-08-18 01:40:55.448 [info] Extracting extension completed. coenraads.bracket-pair-colorizer-2
2023-08-18 01:40:55.473 [info] Extension installed successfully: coenraads.bracket-pair-colorizer-2
2023-08-18 01:41:00.909 [info] Getting Manifest... mohammadbaqer.better-folding
2023-08-18 01:41:01.349 [info] Installing extension: mohammadbaqer.better-folding
2023-08-18 01:41:03.723 [info] Extension signature verification is not done: mohammadbaqer.better-folding
2023-08-18 01:41:03.804 [info] Extracted extension to file:///home/granted07/.vscode-oss/extensions/mohammadbaqer.better-folding-0.2.3-universal: mohammadbaqer.better-folding
2023-08-18 01:41:03.811 [info] Renamed to /home/granted07/.vscode-oss/extensions/mohammadbaqer.better-folding-0.2.3-universal
2023-08-18 01:41:03.814 [info] Extracting extension completed. mohammadbaqer.better-folding
2023-08-18 01:41:03.826 [info] Extension installed successfully: mohammadbaqer.better-folding
2023-08-18 01:41:31.397 [info] Getting Manifest... yandeu.five-server
2023-08-18 01:41:32.411 [info] Installing extension: yandeu.five-server
2023-08-18 01:41:36.994 [info] Extension signature verification is not done: yandeu.five-server
2023-08-18 01:41:39.122 [info] Extracted extension to file:///home/granted07/.vscode-oss/extensions/yandeu.five-server-0.2.3-universal: yandeu.five-server
2023-08-18 01:41:39.138 [info] Renamed to /home/granted07/.vscode-oss/extensions/yandeu.five-server-0.2.3-universal
2023-08-18 01:41:39.143 [info] Extracting extension completed. yandeu.five-server
2023-08-18 01:41:39.172 [info] Extension installed successfully: yandeu.five-server
2023-08-18 01:43:29.512 [info] Getting Manifest... enkia.tokyo-night
2023-08-18 01:43:29.855 [info] Installing extension: enkia.tokyo-night
2023-08-18 01:43:33.264 [info] Extension signature verification is not done: enkia.tokyo-night
2023-08-18 01:43:33.293 [info] Extracted extension to file:///home/granted07/.vscode-oss/extensions/enkia.tokyo-night-1.0.1-universal: enkia.tokyo-night
2023-08-18 01:43:33.323 [info] Renamed to /home/granted07/.vscode-oss/extensions/enkia.tokyo-night-1.0.1-universal
2023-08-18 01:43:33.326 [info] Extracting extension completed. enkia.tokyo-night
2023-08-18 01:43:33.339 [info] Extension installed successfully: enkia.tokyo-night
