2023-08-17 20:10:02.300 [info] Log level: Info
2023-08-17 20:10:02.300 [info] Validating found git in: "git"
2023-08-17 20:10:02.300 [info] Using git "2.41.0" from "git"
2023-08-17 20:10:02.300 [info] > git rev-parse --show-toplevel [5ms]
2023-08-17 20:10:02.300 [info] > git rev-parse --git-dir --git-common-dir [2ms]
2023-08-17 20:10:02.300 [info] Open repository: /home/granted07
2023-08-17 20:10:02.323 [info] > git config --get commit.template [13ms]
2023-08-17 20:10:02.326 [info] > git rev-parse --show-toplevel [5ms]
2023-08-17 20:10:02.358 [info] > git for-each-ref --format=%(refname)%00%(upstream:short)%00%(objectname)%00%(upstream:track)%00%(upstream:remotename)%00%(upstream:remoteref) refs/heads/master refs/remotes/master [11ms]
2023-08-17 20:10:02.368 [info] > git rev-parse --show-toplevel [10ms]
2023-08-17 20:10:02.382 [info] > git rev-parse --show-toplevel [2ms]
2023-08-17 20:10:02.393 [info] > git rev-parse --show-toplevel [2ms]
2023-08-17 20:10:02.420 [info] > git rev-parse --show-toplevel [3ms]
2023-08-17 20:10:02.442 [info] > git rev-parse --show-toplevel [5ms]
2023-08-17 20:10:02.484 [info] > git rev-parse --show-toplevel [3ms]
2023-08-17 20:10:02.503 [info] > git rev-parse --show-toplevel [2ms]
2023-08-17 20:10:02.517 [info] > git rev-parse --show-toplevel [4ms]
2023-08-17 20:10:02.529 [info] > git rev-parse --show-toplevel [3ms]
2023-08-17 20:10:02.540 [info] > git rev-parse --show-toplevel [3ms]
2023-08-17 20:10:02.551 [info] > git rev-parse --show-toplevel [2ms]
2023-08-17 20:10:02.559 [info] > git rev-parse --git-dir --git-common-dir [1ms]
2023-08-17 20:10:02.567 [info] Open repository: /home/granted07/betterlockscreen
2023-08-17 20:10:02.599 [info] > git config --get commit.template [23ms]
2023-08-17 20:10:02.599 [info] > git rev-parse --show-toplevel [11ms]
2023-08-17 20:10:02.607 [info] > git for-each-ref --format=%(refname)%00%(upstream:short)%00%(objectname)%00%(upstream:track)%00%(upstream:remotename)%00%(upstream:remoteref) refs/heads/next refs/remotes/next [10ms]
2023-08-17 20:10:02.619 [info] > git rev-parse --git-dir --git-common-dir [13ms]
2023-08-17 20:10:02.623 [info] Open repository: /home/granted07/dots
2023-08-17 20:10:02.654 [info] > git status -z -uall [36ms]
2023-08-17 20:10:02.676 [info] > git config --get commit.template [25ms]
2023-08-17 20:10:02.698 [info] > git config --get commit.template [21ms]
2023-08-17 20:10:02.699 [info] > git rev-parse --show-toplevel [1ms]
2023-08-17 20:10:02.699 [info] > git for-each-ref --format=%(refname)%00%(upstream:short)%00%(objectname)%00%(upstream:track)%00%(upstream:remotename)%00%(upstream:remoteref) refs/heads/origin refs/remotes/origin [11ms]
2023-08-17 20:10:02.739 [info] > git for-each-ref --format=%(refname)%00%(upstream:short)%00%(objectname)%00%(upstream:track)%00%(upstream:remotename)%00%(upstream:remoteref) refs/heads/next refs/remotes/next [14ms]
2023-08-17 20:10:02.765 [info] > git rev-parse --git-dir --git-common-dir [27ms]
2023-08-17 20:10:02.775 [info] Open repository: /home/granted07/neofetch-themes
2023-08-17 20:10:02.785 [info] > git status -z -uall [25ms]
2023-08-17 20:10:02.799 [info] > git config --get commit.template [15ms]
2023-08-17 20:10:02.812 [info] > git for-each-ref --format=%(refname)%00%(upstream:short)%00%(objectname)%00%(upstream:track)%00%(upstream:remotename)%00%(upstream:remoteref) refs/heads/main refs/remotes/main [14ms]
2023-08-17 20:10:02.841 [info] > git rev-parse --show-toplevel [31ms]
2023-08-17 20:10:02.925 [info] > git status -z -uall [559ms] (cancelled)
2023-08-17 20:10:02.925 [info] > git status -z -uall [85ms]
2023-08-17 20:10:02.971 [info] > git rev-parse --git-dir --git-common-dir [13ms]
2023-08-17 20:10:02.980 [info] Open repository: /home/granted07/polybar-themes
2023-08-17 20:10:02.997 [info] > git config --get commit.template [27ms]
2023-08-17 20:10:03.011 [info] > git for-each-ref --format=%(refname)%00%(upstream:short)%00%(objectname)%00%(upstream:track)%00%(upstream:remotename)%00%(upstream:remoteref) refs/heads/main refs/remotes/main [6ms]
2023-08-17 20:10:03.033 [info] > git config --get commit.template [36ms]
2023-08-17 20:10:03.066 [info] > git status -z -uall [34ms]
2023-08-17 20:10:03.067 [info] > git for-each-ref --format=%(refname)%00%(upstream:short)%00%(objectname)%00%(upstream:track)%00%(upstream:remotename)%00%(upstream:remoteref) refs/heads/master refs/remotes/master [8ms]
2023-08-17 20:10:03.100 [info] > git rev-parse --show-toplevel [11ms]
2023-08-17 20:10:03.116 [info] > git rev-parse --show-toplevel [2ms]
2023-08-17 20:10:03.130 [info] > git rev-parse --git-dir --git-common-dir [2ms]
2023-08-17 20:10:03.137 [info] Open repository: /home/granted07/yay
2023-08-17 20:10:03.167 [info] > git config --get commit.template [5ms]
2023-08-17 20:10:03.186 [info] > git for-each-ref --format=%(refname)%00%(upstream:short)%00%(objectname)%00%(upstream:track)%00%(upstream:remotename)%00%(upstream:remoteref) refs/heads/master refs/remotes/master [4ms]
2023-08-17 20:10:03.216 [info] > git status -z -uall [21ms]
2023-08-17 20:10:03.264 [info] > git config --get commit.template [23ms]
2023-08-17 20:10:03.271 [info] > git for-each-ref --format=%(refname)%00%(upstream:short)%00%(objectname)%00%(upstream:track)%00%(upstream:remotename)%00%(upstream:remoteref) refs/heads/master refs/remotes/master [8ms]
2023-08-17 20:10:03.313 [info] > git status -z -uall [11ms]
2023-08-17 20:10:03.607 [info] > git show --textconv :.config/sxhkd/sxhkdrc [10ms]
2023-08-17 20:10:03.618 [info] > git ls-files --stage -- /home/granted07/.config/sxhkd/sxhkdrc [12ms]
2023-08-17 20:10:03.748 [info] > git status -z -uall [672ms]
2023-08-17 20:10:03.748 [info] > git check-ignore -v -z --stdin [71ms]
2023-08-17 20:10:03.750 [info] > git check-ignore -v -z --stdin [17ms]
2023-08-17 20:10:03.767 [info] > git status -z -uall [1056ms]
2023-08-17 20:10:03.767 [info] > git check-ignore -v -z --stdin [78ms]
2023-08-17 20:10:03.768 [info] > git check-ignore -v -z --stdin [57ms]
2023-08-17 20:10:03.769 [info] > git check-ignore -v -z --stdin [50ms]
2023-08-17 20:10:03.769 [info] > git check-ignore -v -z --stdin [22ms]
2023-08-17 20:10:03.793 [info] > git config --get commit.template [27ms]
2023-08-17 20:10:03.794 [info] > git config --get commit.template [7ms]
2023-08-17 20:10:03.812 [info] > git for-each-ref --format=%(refname)%00%(upstream:short)%00%(objectname)%00%(upstream:track)%00%(upstream:remotename)%00%(upstream:remoteref) refs/heads/master refs/remotes/master [10ms]
2023-08-17 20:10:03.822 [info] > git for-each-ref --format=%(refname)%00%(upstream:short)%00%(objectname)%00%(upstream:track)%00%(upstream:remotename)%00%(upstream:remoteref) refs/heads/origin refs/remotes/origin [11ms]
2023-08-17 20:10:04.269 [info] > git status -z -uall [448ms]
2023-08-17 20:10:04.469 [info] > git status -z -uall [637ms]
2023-08-17 20:10:07.072 [info] > git config --get commit.template [15ms]
2023-08-17 20:10:07.102 [info] > git for-each-ref --format=%(refname)%00%(upstream:short)%00%(objectname)%00%(upstream:track)%00%(upstream:remotename)%00%(upstream:remoteref) refs/heads/master refs/remotes/master [6ms]
2023-08-17 20:10:07.351 [info] > git status -z -uall [227ms] (cancelled)
2023-08-17 20:10:08.403 [info] > git check-ignore -v -z --stdin [11ms]
2023-08-17 20:10:09.380 [info] > git check-ignore -v -z --stdin [1ms]
2023-08-17 20:10:10.558 [info] > git show --textconv :.config/bspwm/autostart.sh [10ms]
2023-08-17 20:10:10.560 [info] > git ls-files --stage -- /home/granted07/.config/bspwm/autostart.sh [2ms]
2023-08-17 20:10:10.921 [info] > git check-ignore -v -z --stdin [3ms]
2023-08-17 20:10:15.250 [info] > git show --textconv :.config/polybar/hack/bars.ini [15ms]
2023-08-17 20:10:15.253 [info] > git ls-files --stage -- /home/granted07/.config/polybar/hack/bars.ini [4ms]
2023-08-17 20:10:25.313 [info] > git check-ignore -v -z --stdin [2ms]
2023-08-17 20:10:36.934 [info] > git check-ignore -v -z --stdin [2ms]
2023-08-17 20:10:39.801 [info] > git check-ignore -v -z --stdin [1ms]
2023-08-17 20:10:41.307 [info] > git check-ignore -v -z --stdin [2ms]
2023-08-17 20:10:42.821 [info] > git check-ignore -v -z --stdin [2ms]
2023-08-17 20:12:02.358 [info] > git check-ignore -v -z --stdin [2ms]
2023-08-17 20:12:03.462 [info] > git show --textconv :.config/neofetch/axylfetch.conf [11ms]
2023-08-17 20:12:03.467 [info] > git ls-files --stage -- /home/granted07/.config/neofetch/axylfetch.conf [6ms]
2023-08-17 20:12:04.951 [info] > git show --textconv :.config/neofetch/axylfetch copy.conf [13ms]
2023-08-17 20:12:04.954 [info] > git ls-files --stage -- /home/granted07/.config/neofetch/axylfetch copy.conf [5ms]
2023-08-17 20:12:05.205 [info] > git check-ignore -v -z --stdin [1ms]
2023-08-17 20:12:29.102 [info] > git show --textconv :.config/neofetch/dotfetch.conf [11ms]
2023-08-17 20:12:29.108 [info] > git ls-files --stage -- /home/granted07/.config/neofetch/dotfetch.conf [7ms]
2023-08-17 20:12:32.323 [info] > git show --textconv :.config/neofetch/dotfetch copy.conf [11ms]
2023-08-17 20:12:32.326 [info] > git ls-files --stage -- /home/granted07/.config/neofetch/dotfetch copy.conf [4ms]
2023-08-17 20:12:32.574 [info] > git check-ignore -v -z --stdin [2ms]
2023-08-17 20:12:35.914 [info] > git show --textconv :.config/neofetch/ozozfetch.conf [9ms]
2023-08-17 20:12:35.916 [info] > git ls-files --stage -- /home/granted07/.config/neofetch/ozozfetch.conf [1ms]
2023-08-17 20:12:39.984 [info] > git check-ignore -v -z --stdin [2ms]
2023-08-17 20:12:46.405 [info] > git show --textconv :.config/neofetch/dotfetch.conf [11ms]
2023-08-17 20:12:46.406 [info] > git ls-files --stage -- /home/granted07/.config/neofetch/dotfetch.conf [3ms]
