2023-08-17 02:30:55.517 [info] Log level: Info
2023-08-17 02:30:55.517 [info] Validating found git in: "git"
2023-08-17 02:30:55.517 [info] Using git "2.41.0" from "git"
2023-08-17 02:30:55.517 [info] > git rev-parse --show-toplevel [4ms]
2023-08-17 02:30:55.528 [info] > git rev-parse --git-dir --git-common-dir [3ms]
2023-08-17 02:30:55.538 [info] Open repository: /home/granted07
2023-08-17 02:30:55.558 [info] > git config --get commit.template [9ms]
2023-08-17 02:30:55.571 [info] > git rev-parse --show-toplevel [13ms]
2023-08-17 02:30:55.579 [info] > git for-each-ref --format=%(refname)%00%(upstream:short)%00%(objectname)%00%(upstream:track)%00%(upstream:remotename)%00%(upstream:remoteref) refs/heads/master refs/remotes/master [2ms]
2023-08-17 02:30:55.612 [info] > git rev-parse --show-toplevel [14ms]
2023-08-17 02:30:55.633 [info] > git rev-parse --show-toplevel [3ms]
2023-08-17 02:30:55.643 [info] > git rev-parse --show-toplevel [1ms]
2023-08-17 02:30:55.652 [info] > git rev-parse --show-toplevel [3ms]
2023-08-17 02:30:55.665 [info] > git rev-parse --show-toplevel [0ms]
2023-08-17 02:30:55.678 [info] > git rev-parse --show-toplevel [3ms]
2023-08-17 02:30:55.689 [info] > git rev-parse --show-toplevel [4ms]
2023-08-17 02:30:55.698 [info] > git rev-parse --show-toplevel [1ms]
2023-08-17 02:30:55.713 [info] > git rev-parse --show-toplevel [5ms]
2023-08-17 02:30:55.735 [info] > git status -z -uall [148ms] (cancelled)
2023-08-17 02:30:55.735 [info] > git rev-parse --show-toplevel [12ms]
2023-08-17 02:30:55.751 [info] > git rev-parse --show-toplevel [3ms]
2023-08-17 02:30:55.761 [info] > git rev-parse --git-dir --git-common-dir [1ms]
2023-08-17 02:30:55.767 [info] Open repository: /home/granted07/dots
2023-08-17 02:30:55.781 [info] > git config --get commit.template [5ms]
2023-08-17 02:30:55.819 [info] > git rev-parse --show-toplevel [29ms]
2023-08-17 02:30:55.837 [info] > git for-each-ref --format=%(refname)%00%(upstream:short)%00%(objectname)%00%(upstream:track)%00%(upstream:remotename)%00%(upstream:remoteref) refs/heads/origin refs/remotes/origin [19ms]
2023-08-17 02:30:55.864 [info] > git rev-parse --git-dir --git-common-dir [28ms]
2023-08-17 02:30:55.870 [info] Open repository: /home/granted07/polybar-themes
2023-08-17 02:30:55.881 [info] > git config --get commit.template [1ms]
2023-08-17 02:30:55.897 [info] > git for-each-ref --format=%(refname)%00%(upstream:short)%00%(objectname)%00%(upstream:track)%00%(upstream:remotename)%00%(upstream:remoteref) refs/heads/master refs/remotes/master [9ms]
2023-08-17 02:30:55.907 [info] > git rev-parse --show-toplevel [11ms]
2023-08-17 02:30:55.925 [info] > git rev-parse --show-toplevel [3ms]
2023-08-17 02:30:55.944 [info] > git rev-parse --git-dir --git-common-dir [7ms]
2023-08-17 02:30:55.949 [info] Open repository: /home/granted07/yay
2023-08-17 02:30:55.972 [info] > git config --get commit.template [15ms]
2023-08-17 02:30:55.973 [info] > git for-each-ref --format=%(refname)%00%(upstream:short)%00%(objectname)%00%(upstream:track)%00%(upstream:remotename)%00%(upstream:remoteref) refs/heads/master refs/remotes/master [4ms]
2023-08-17 02:30:55.983 [info] > git status -z -uall [3ms]
2023-08-17 02:30:56.010 [info] > git config --get commit.template [10ms]
2023-08-17 02:30:56.013 [info] > git for-each-ref --format=%(refname)%00%(upstream:short)%00%(objectname)%00%(upstream:track)%00%(upstream:remotename)%00%(upstream:remoteref) refs/heads/master refs/remotes/master [4ms]
2023-08-17 02:30:56.026 [info] > git status -z -uall [5ms]
2023-08-17 02:30:56.115 [info] > git check-ignore -v -z --stdin [4ms]
2023-08-17 02:30:56.192 [info] > git status -z -uall [286ms]
2023-08-17 02:30:56.252 [info] > git for-each-ref --format=%(refname)%00%(upstream:short)%00%(objectname)%00%(upstream:track)%00%(upstream:remotename)%00%(upstream:remoteref) refs/heads/master refs/remotes/master [26ms]
2023-08-17 02:30:56.252 [info] > git config --get commit.template [42ms]
2023-08-17 02:30:56.422 [info] > git status -z -uall [559ms]
2023-08-17 02:30:56.452 [info] > git config --get commit.template [11ms]
2023-08-17 02:30:56.455 [info] > git for-each-ref --format=%(refname)%00%(upstream:short)%00%(objectname)%00%(upstream:track)%00%(upstream:remotename)%00%(upstream:remoteref) refs/heads/origin refs/remotes/origin [4ms]
2023-08-17 02:30:56.511 [info] > git show --textconv :.config/picom/picom.conf [10ms]
2023-08-17 02:30:56.513 [info] > git ls-files --stage -- /home/granted07/.config/picom/picom.conf [3ms]
2023-08-17 02:30:56.566 [info] > git status -z -uall [307ms]
2023-08-17 02:30:56.657 [info] > git check-ignore -v -z --stdin [3ms]
2023-08-17 02:30:56.984 [info] > git status -z -uall [520ms]
2023-08-17 02:30:59.139 [info] > git show --textconv :.config/bspwm/hideborder.sh [6ms]
2023-08-17 02:30:59.140 [info] > git ls-files --stage -- /home/granted07/.config/bspwm/hideborder.sh [2ms]
2023-08-17 02:30:59.608 [info] > git show --textconv :.config/bspwm/bspwmrc [9ms]
2023-08-17 02:30:59.610 [info] > git ls-files --stage -- /home/granted07/.config/bspwm/bspwmrc [1ms]
