2023-08-18 01:39:26.836 [info] Log level: Info
2023-08-18 01:39:26.836 [info] Validating found git in: "git"
2023-08-18 01:39:26.836 [info] Using git "2.41.0" from "git"
2023-08-18 01:39:26.836 [info] > git rev-parse --show-toplevel [13ms]
2023-08-18 01:39:26.836 [info] > git rev-parse --git-dir --git-common-dir [4ms]
2023-08-18 01:39:26.836 [info] Open repository: /home/granted07
2023-08-18 01:39:26.945 [info] > git config --get commit.template [51ms]
2023-08-18 01:39:26.981 [info] > git for-each-ref --format=%(refname)%00%(upstream:short)%00%(objectname)%00%(upstream:track)%00%(upstream:remotename)%00%(upstream:remoteref) refs/heads/master refs/remotes/master [8ms]
2023-08-18 01:39:26.994 [info] > git rev-parse --show-toplevel [52ms]
2023-08-18 01:39:27.023 [info] > git rev-parse --git-dir --git-common-dir [12ms]
2023-08-18 01:39:27.034 [info] Open repository: /home/granted07/dots
2023-08-18 01:39:27.094 [info] > git config --get commit.template [35ms]
2023-08-18 01:39:27.095 [info] > git rev-parse --show-toplevel [18ms]
2023-08-18 01:39:27.117 [info] > git for-each-ref --format=%(refname)%00%(upstream:short)%00%(objectname)%00%(upstream:track)%00%(upstream:remotename)%00%(upstream:remoteref) refs/heads/origin refs/remotes/origin [25ms]
2023-08-18 01:39:27.127 [info] > git rev-parse --show-toplevel [11ms]
2023-08-18 01:39:27.161 [info] > git rev-parse --show-toplevel [12ms]
2023-08-18 01:39:27.207 [info] > git status -z -uall [213ms] (cancelled)
2023-08-18 01:39:27.240 [info] > git rev-parse --show-toplevel [2ms]
2023-08-18 01:39:27.279 [info] > git rev-parse --show-toplevel [3ms]
2023-08-18 01:39:27.295 [info] > git rev-parse --show-toplevel [4ms]
2023-08-18 01:39:27.321 [info] > git rev-parse --show-toplevel [3ms]
2023-08-18 01:39:27.338 [info] > git rev-parse --show-toplevel [4ms]
2023-08-18 01:39:27.357 [info] > git rev-parse --show-toplevel [3ms]
2023-08-18 01:39:27.389 [info] > git rev-parse --show-toplevel [7ms]
2023-08-18 01:39:27.419 [info] > git rev-parse --show-toplevel [3ms]
2023-08-18 01:39:27.440 [info] > git rev-parse --git-dir --git-common-dir [11ms]
2023-08-18 01:39:27.461 [info] Open repository: /home/granted07/betterlockscreen
2023-08-18 01:39:27.501 [info] > git config --get commit.template [17ms]
2023-08-18 01:39:27.515 [info] > git for-each-ref --format=%(refname)%00%(upstream:short)%00%(objectname)%00%(upstream:track)%00%(upstream:remotename)%00%(upstream:remoteref) refs/heads/next refs/remotes/next [16ms]
2023-08-18 01:39:27.529 [info] > git rev-parse --show-toplevel [14ms]
2023-08-18 01:39:27.556 [info] > git status -z -uall [28ms]
2023-08-18 01:39:27.587 [info] > git rev-parse --git-dir --git-common-dir [32ms]
2023-08-18 01:39:27.591 [info] Open repository: /home/granted07/neofetch-themes
2023-08-18 01:39:27.656 [info] > git config --get commit.template [43ms]
2023-08-18 01:39:27.657 [info] > git config --get commit.template [71ms]
2023-08-18 01:39:27.708 [info] > git for-each-ref --format=%(refname)%00%(upstream:short)%00%(objectname)%00%(upstream:track)%00%(upstream:remotename)%00%(upstream:remoteref) refs/heads/next refs/remotes/next [61ms]
2023-08-18 01:39:27.736 [info] > git for-each-ref --format=%(refname)%00%(upstream:short)%00%(objectname)%00%(upstream:track)%00%(upstream:remotename)%00%(upstream:remoteref) refs/heads/main refs/remotes/main [29ms]
2023-08-18 01:39:27.802 [info] > git status -z -uall [69ms]
2023-08-18 01:39:27.838 [info] > git status -z -uall [68ms]
2023-08-18 01:39:27.839 [info] > git rev-parse --show-toplevel [38ms]
2023-08-18 01:39:27.925 [info] > git config --get commit.template [50ms]
2023-08-18 01:39:27.973 [info] > git status -z -uall [848ms]
2023-08-18 01:39:27.973 [info] > git for-each-ref --format=%(refname)%00%(upstream:short)%00%(objectname)%00%(upstream:track)%00%(upstream:remotename)%00%(upstream:remoteref) refs/heads/main refs/remotes/main [21ms]
2023-08-18 01:39:28.020 [info] > git rev-parse --git-dir --git-common-dir [49ms]
2023-08-18 01:39:28.029 [info] Open repository: /home/granted07/polybar-themes
2023-08-18 01:39:28.135 [info] > git status -z -uall [149ms]
2023-08-18 01:39:28.135 [info] > git config --get commit.template [115ms]
2023-08-18 01:39:28.170 [info] > git check-ignore -v -z --stdin [83ms]
2023-08-18 01:39:28.172 [info] > git check-ignore -v -z --stdin [68ms]
2023-08-18 01:39:28.173 [info] > git check-ignore -v -z --stdin [53ms]
2023-08-18 01:39:28.174 [info] > git config --get commit.template [41ms]
2023-08-18 01:39:28.227 [info] > git for-each-ref --format=%(refname)%00%(upstream:short)%00%(objectname)%00%(upstream:track)%00%(upstream:remotename)%00%(upstream:remoteref) refs/heads/origin refs/remotes/origin [37ms]
2023-08-18 01:39:28.259 [info] > git for-each-ref --format=%(refname)%00%(upstream:short)%00%(objectname)%00%(upstream:track)%00%(upstream:remotename)%00%(upstream:remoteref) refs/heads/master refs/remotes/master [39ms]
2023-08-18 01:39:28.276 [info] > git rev-parse --show-toplevel [18ms]
2023-08-18 01:39:28.295 [info] > git rev-parse --show-toplevel [4ms]
2023-08-18 01:39:28.313 [info] > git rev-parse --git-dir --git-common-dir [3ms]
2023-08-18 01:39:28.323 [info] Open repository: /home/granted07/yay
2023-08-18 01:39:28.358 [info] > git config --get commit.template [15ms]
2023-08-18 01:39:28.366 [info] > git for-each-ref --format=%(refname)%00%(upstream:short)%00%(objectname)%00%(upstream:track)%00%(upstream:remotename)%00%(upstream:remoteref) refs/heads/master refs/remotes/master [9ms]
2023-08-18 01:39:28.387 [info] > git status -z -uall [5ms]
2023-08-18 01:39:28.444 [info] > git config --get commit.template [2ms]
2023-08-18 01:39:28.492 [info] > git for-each-ref --format=%(refname)%00%(upstream:short)%00%(objectname)%00%(upstream:track)%00%(upstream:remotename)%00%(upstream:remoteref) refs/heads/master refs/remotes/master [6ms]
2023-08-18 01:39:28.515 [info] > git status -z -uall [5ms]
2023-08-18 01:39:28.769 [info] > git check-ignore -v -z --stdin [61ms]
2023-08-18 01:39:28.769 [info] > git check-ignore -v -z --stdin [30ms]
2023-08-18 01:39:28.774 [info] > git check-ignore -v -z --stdin [7ms]
2023-08-18 01:39:28.855 [info] > git status -z -uall [581ms]
2023-08-18 01:39:28.884 [info] > git status -z -uall [646ms]
2023-08-18 01:39:28.908 [info] > git config --get commit.template [25ms]
2023-08-18 01:39:28.911 [info] > git for-each-ref --format=%(refname)%00%(upstream:short)%00%(objectname)%00%(upstream:track)%00%(upstream:remotename)%00%(upstream:remoteref) refs/heads/master refs/remotes/master [4ms]
2023-08-18 01:39:29.210 [info] > git status -z -uall [283ms]
2023-08-18 01:39:29.487 [info] > git check-ignore -v -z --stdin [36ms]
2023-08-18 01:39:29.488 [info] > git check-ignore -v -z --stdin [21ms]
2023-08-18 01:39:29.489 [info] > git check-ignore -v -z --stdin [11ms]
2023-08-18 01:39:29.793 [info] > git show --textconv :.config/bspwm/bspwmrc [9ms]
2023-08-18 01:39:29.797 [info] > git ls-files --stage -- /home/granted07/dots/.config/bspwm/bspwmrc [4ms]
2023-08-18 01:39:29.807 [info] > git cat-file -s e7c629adcfdc1bfe307e9bf4c365d1d1c4687b4e [2ms]
2023-08-18 01:39:36.495 [info] > git check-ignore -v -z --stdin [38ms]
2023-08-18 01:39:36.495 [info] > git check-ignore -v -z --stdin [27ms]
2023-08-18 01:39:36.496 [info] > git check-ignore -v -z --stdin [19ms]
2023-08-18 01:39:36.497 [info] > git check-ignore -v -z --stdin [12ms]
2023-08-18 01:39:36.498 [info] > git check-ignore -v -z --stdin [5ms]
2023-08-18 01:39:37.093 [info] > git check-ignore -v -z --stdin [4ms]
2023-08-18 01:41:48.158 [info] > git check-ignore -v -z --stdin [3ms]
2023-08-18 01:41:50.122 [info] > git show --textconv :.config/bspwm/bspwmrc [32ms]
2023-08-18 01:41:50.124 [info] > git ls-files --stage -- /home/granted07/dots/.config/bspwm/bspwmrc [3ms]
2023-08-18 01:41:50.141 [info] > git cat-file -s e7c629adcfdc1bfe307e9bf4c365d1d1c4687b4e [6ms]
2023-08-18 01:41:50.727 [info] > git show --textconv :.config/bspwm/autostart.sh [15ms]
2023-08-18 01:41:50.730 [info] > git ls-files --stage -- /home/granted07/dots/.config/bspwm/autostart.sh [4ms]
2023-08-18 01:41:50.745 [info] > git cat-file -s 8127f089231078f385da15bb802d41a4149b5a70 [2ms]
2023-08-18 01:41:54.633 [info] > git check-ignore -v -z --stdin [5ms]
2023-08-18 01:41:55.257 [info] > git check-ignore -v -z --stdin [5ms]
2023-08-18 01:41:58.054 [info] > git check-ignore -v -z --stdin [3ms]
2023-08-18 01:41:59.447 [info] > git show --textconv :.config/BetterDiscord/themes/chal.theme.css [18ms]
2023-08-18 01:41:59.487 [info] > git ls-files --stage -- /home/granted07/dots/.config/BetterDiscord/themes/chal.theme.css [42ms]
2023-08-18 01:41:59.505 [info] > git cat-file -s 4e2edbe128e893fb90378c575ddc6076e459204a [6ms]
2023-08-18 01:43:45.553 [info] > git check-ignore -v -z --stdin [2ms]
2023-08-18 01:43:51.210 [info] > git check-ignore -v -z --stdin [3ms]
2023-08-18 01:43:57.527 [info] > git show --textconv :CODE_OF_CONDUCT.md [86ms]
2023-08-18 01:43:57.630 [info] > git ls-files --stage -- /home/granted07/betterlockscreen/CODE_OF_CONDUCT.md [174ms]
2023-08-18 01:43:57.655 [info] > git cat-file -s d817f225c9c15ea1db7363b06b33050f7e483a25 [6ms]
2023-08-18 01:43:57.924 [info] > git show --textconv :install.sh [76ms]
2023-08-18 01:43:58.004 [info] > git ls-files --stage -- /home/granted07/betterlockscreen/install.sh [144ms]
2023-08-18 01:43:58.084 [info] > git cat-file -s 0c5944a2af99f77beb37f4a1e941105992f1ca5e [62ms]
2023-08-18 01:44:13.031 [info] > git show --textconv :betterlockscreen [9ms]
2023-08-18 01:44:13.041 [info] > git ls-files --stage -- /home/granted07/betterlockscreen/betterlockscreen [11ms]
2023-08-18 01:44:13.057 [info] > git cat-file -s 9348cc77bbc005f1f540f0669a59f65162c37437 [2ms]
2023-08-18 01:44:16.381 [info] > git show --textconv :.envrc [15ms]
2023-08-18 01:44:16.383 [info] > git ls-files --stage -- /home/granted07/betterlockscreen/.envrc [3ms]
2023-08-18 01:44:16.410 [info] > git cat-file -s 1d953f4bd73593aba0a2af3db2d14178e2b8b9fe [9ms]
2023-08-18 01:44:18.192 [info] > git show --textconv :betterlockscreen [12ms]
2023-08-18 01:44:18.195 [info] > git ls-files --stage -- /home/granted07/betterlockscreen/betterlockscreen [4ms]
2023-08-18 01:44:18.207 [info] > git cat-file -s 9348cc77bbc005f1f540f0669a59f65162c37437 [1ms]
2023-08-18 01:44:21.635 [info] > git show --textconv :LICENSE [14ms]
2023-08-18 01:44:21.637 [info] > git ls-files --stage -- /home/granted07/betterlockscreen/LICENSE [3ms]
2023-08-18 01:44:21.650 [info] > git cat-file -s a16fdf3dcb081bf6230b4b5e22c4ef78ad396176 [1ms]
2023-08-18 01:44:22.107 [info] > git show --textconv :logo.svg [17ms]
2023-08-18 01:44:22.110 [info] > git ls-files --stage -- /home/granted07/betterlockscreen/logo.svg [4ms]
2023-08-18 01:44:22.131 [info] > git cat-file -s 5a2743c1c0fc4d0bd7dc6e1302d608b2c823e377 [1ms]
2023-08-18 01:44:24.137 [info] > git show --textconv :install.sh [15ms]
2023-08-18 01:44:24.141 [info] > git ls-files --stage -- /home/granted07/betterlockscreen/install.sh [5ms]
2023-08-18 01:44:24.155 [info] > git cat-file -s 0c5944a2af99f77beb37f4a1e941105992f1ca5e [2ms]
