2023-08-17 02:41:47.578 [info] Log level: Info
2023-08-17 02:41:47.578 [info] Validating found git in: "git"
2023-08-17 02:41:47.578 [info] Using git "2.41.0" from "git"
2023-08-17 02:41:47.578 [info] > git rev-parse --show-toplevel [4ms]
2023-08-17 02:41:47.579 [info] > git rev-parse --git-dir --git-common-dir [4ms]
2023-08-17 02:41:47.598 [info] Open repository: /home/granted07
2023-08-17 02:41:47.623 [info] > git config --get commit.template [13ms]
2023-08-17 02:41:47.647 [info] > git rev-parse --show-toplevel [26ms]
2023-08-17 02:41:47.657 [info] > git for-each-ref --format=%(refname)%00%(upstream:short)%00%(objectname)%00%(upstream:track)%00%(upstream:remotename)%00%(upstream:remoteref) refs/heads/master refs/remotes/master [12ms]
2023-08-17 02:41:47.689 [info] > git rev-parse --show-toplevel [10ms]
2023-08-17 02:41:47.700 [info] > git rev-parse --show-toplevel [3ms]
2023-08-17 02:41:47.722 [info] > git rev-parse --show-toplevel [8ms]
2023-08-17 02:41:47.734 [info] > git rev-parse --show-toplevel [5ms]
2023-08-17 02:41:47.743 [info] > git rev-parse --show-toplevel [2ms]
2023-08-17 02:41:47.755 [info] > git rev-parse --show-toplevel [3ms]
2023-08-17 02:41:47.784 [info] > git rev-parse --show-toplevel [5ms]
2023-08-17 02:41:47.805 [info] > git rev-parse --show-toplevel [10ms]
2023-08-17 02:41:47.829 [info] > git status -z -uall [161ms] (cancelled)
2023-08-17 02:41:47.829 [info] > git rev-parse --show-toplevel [10ms]
2023-08-17 02:41:47.837 [info] > git rev-parse --show-toplevel [2ms]
2023-08-17 02:41:47.847 [info] > git rev-parse --show-toplevel [1ms]
2023-08-17 02:41:47.855 [info] > git rev-parse --git-dir --git-common-dir [1ms]
2023-08-17 02:41:47.858 [info] Open repository: /home/granted07/dots
2023-08-17 02:41:47.874 [info] > git config --get commit.template [9ms]
2023-08-17 02:41:47.882 [info] > git rev-parse --show-toplevel [9ms]
2023-08-17 02:41:47.883 [info] > git for-each-ref --format=%(refname)%00%(upstream:short)%00%(objectname)%00%(upstream:track)%00%(upstream:remotename)%00%(upstream:remoteref) refs/heads/origin refs/remotes/origin [3ms]
2023-08-17 02:41:47.897 [info] > git rev-parse --git-dir --git-common-dir [1ms]
2023-08-17 02:41:47.901 [info] Open repository: /home/granted07/polybar-themes
2023-08-17 02:41:47.931 [info] > git for-each-ref --format=%(refname)%00%(upstream:short)%00%(objectname)%00%(upstream:track)%00%(upstream:remotename)%00%(upstream:remoteref) refs/heads/master refs/remotes/master [9ms]
2023-08-17 02:41:47.932 [info] > git config --get commit.template [21ms]
2023-08-17 02:41:47.945 [info] > git rev-parse --show-toplevel [14ms]
2023-08-17 02:41:47.965 [info] > git rev-parse --show-toplevel [1ms]
2023-08-17 02:41:48.006 [info] > git rev-parse --git-dir --git-common-dir [10ms]
2023-08-17 02:41:48.037 [info] Open repository: /home/granted07/yay
2023-08-17 02:41:48.102 [info] > git config --get commit.template [15ms]
2023-08-17 02:41:48.114 [info] > git for-each-ref --format=%(refname)%00%(upstream:short)%00%(objectname)%00%(upstream:track)%00%(upstream:remotename)%00%(upstream:remoteref) refs/heads/master refs/remotes/master [4ms]
2023-08-17 02:41:48.131 [info] > git status -z -uall [3ms]
2023-08-17 02:41:48.172 [info] > git config --get commit.template [16ms]
2023-08-17 02:41:48.173 [info] > git for-each-ref --format=%(refname)%00%(upstream:short)%00%(objectname)%00%(upstream:track)%00%(upstream:remotename)%00%(upstream:remoteref) refs/heads/master refs/remotes/master [2ms]
2023-08-17 02:41:48.187 [info] > git status -z -uall [7ms]
2023-08-17 02:41:48.261 [info] > git status -z -uall [321ms]
2023-08-17 02:41:48.300 [info] > git config --get commit.template [13ms]
2023-08-17 02:41:48.374 [info] > git for-each-ref --format=%(refname)%00%(upstream:short)%00%(objectname)%00%(upstream:track)%00%(upstream:remotename)%00%(upstream:remoteref) refs/heads/master refs/remotes/master [65ms]
2023-08-17 02:41:48.438 [info] > git status -z -uall [549ms]
2023-08-17 02:41:48.455 [info] > git config --get commit.template [1ms]
2023-08-17 02:41:48.463 [info] > git for-each-ref --format=%(refname)%00%(upstream:short)%00%(objectname)%00%(upstream:track)%00%(upstream:remotename)%00%(upstream:remoteref) refs/heads/origin refs/remotes/origin [2ms]
2023-08-17 02:41:48.684 [info] > git status -z -uall [292ms]
2023-08-17 02:41:48.879 [info] > git show --textconv :.config/polybar/hack/bars.ini [18ms]
2023-08-17 02:41:48.890 [info] > git ls-files --stage -- /home/granted07/.config/polybar/hack/bars.ini [12ms]
2023-08-17 02:41:49.007 [info] > git status -z -uall [535ms]
2023-08-17 02:41:49.332 [info] > git check-ignore -v -z --stdin [10ms]
2023-08-17 02:41:54.054 [info] > git check-ignore -v -z --stdin [2ms]
2023-08-17 02:41:56.736 [info] > git check-ignore -v -z --stdin [2ms]
2023-08-17 02:41:57.531 [info] > git show --textconv :.config/sxhkd/sxhkdrc [9ms]
2023-08-17 02:41:57.533 [info] > git ls-files --stage -- /home/granted07/.config/sxhkd/sxhkdrc [3ms]
